{"C:\\Users\\dondi\\OneDrive\\שולחן העבודה\\לימודים\\פיתוח אלפיקציות אינטרנטיות\\New folder\\Assignment1\\src\\server.ts": {"path":"C:\\Users\\dondi\\OneDrive\\שולחן העבודה\\לימודים\\פיתוח אלפיקציות אינטרנטיות\\New folder\\Assignment1\\src\\server.ts","statementMap":{"0":{"start":{"line":1,"column":0},"end":{"line":1,"column":43}},"1":{"start":{"line":2,"column":0},"end":{"line":2,"column":28}},"2":{"start":{"line":3,"column":0},"end":{"line":3,"column":32}},"3":{"start":{"line":4,"column":0},"end":{"line":4,"column":46}},"4":{"start":{"line":5,"column":0},"end":{"line":5,"column":51}},"5":{"start":{"line":6,"column":0},"end":{"line":6,"column":45}},"6":{"start":{"line":7,"column":0},"end":{"line":7,"column":37}},"7":{"start":{"line":8,"column":0},"end":{"line":8,"column":41}},"8":{"start":{"line":9,"column":0},"end":{"line":9,"column":43}},"9":{"start":{"line":11,"column":0},"end":{"line":11,"column":16}},"10":{"start":{"line":12,"column":12},"end":{"line":12,"column":21}},"11":{"start":{"line":14,"column":0},"end":{"line":14,"column":27}},"12":{"start":{"line":15,"column":0},"end":{"line":15,"column":51}},"13":{"start":{"line":16,"column":0},"end":{"line":16,"column":29}},"14":{"start":{"line":17,"column":0},"end":{"line":17,"column":35}},"15":{"start":{"line":18,"column":0},"end":{"line":18,"column":29}},"16":{"start":{"line":20,"column":16},"end":{"line":31,"column":2}},"17":{"start":{"line":32,"column":14},"end":{"line":32,"column":35}},"18":{"start":{"line":33,"column":0},"end":{"line":33,"column":60}},"19":{"start":{"line":37,"column":16},"end":{"line":64,"column":1}},"20":{"start":{"line":38,"column":2},"end":{"line":63,"column":5}},"21":{"start":{"line":39,"column":15},"end":{"line":39,"column":34}},"22":{"start":{"line":41,"column":4},"end":{"line":43,"column":7}},"23":{"start":{"line":42,"column":6},"end":{"line":42,"column":57}},"24":{"start":{"line":45,"column":4},"end":{"line":47,"column":7}},"25":{"start":{"line":46,"column":6},"end":{"line":46,"column":43}},"26":{"start":{"line":49,"column":4},"end":{"line":62,"column":5}},"27":{"start":{"line":50,"column":6},"end":{"line":50,"column":59}},"28":{"start":{"line":51,"column":6},"end":{"line":51,"column":81}},"29":{"start":{"line":52,"column":6},"end":{"line":52,"column":13}},"30":{"start":{"line":54,"column":6},"end":{"line":61,"column":11}},"31":{"start":{"line":57,"column":10},"end":{"line":57,"column":23}},"32":{"start":{"line":60,"column":10},"end":{"line":60,"column":22}},"33":{"start":{"line":67,"column":0},"end":{"line":67,"column":23}}},"fnMap":{"0":{"name":"(anonymous_1)","decl":{"start":{"line":37,"column":16},"end":{"line":37,"column":21}},"loc":{"start":{"line":37,"column":45},"end":{"line":64,"column":1}}},"1":{"name":"(anonymous_2)","decl":{"start":{"line":38,"column":30},"end":{"line":38,"column":31}},"loc":{"start":{"line":38,"column":50},"end":{"line":63,"column":3}}},"2":{"name":"(anonymous_3)","decl":{"start":{"line":41,"column":19},"end":{"line":41,"column":20}},"loc":{"start":{"line":41,"column":29},"end":{"line":43,"column":5}}},"3":{"name":"(anonymous_4)","decl":{"start":{"line":45,"column":20},"end":{"line":45,"column":23}},"loc":{"start":{"line":45,"column":25},"end":{"line":47,"column":5}}},"4":{"name":"(anonymous_5)","decl":{"start":{"line":56,"column":14},"end":{"line":56,"column":17}},"loc":{"start":{"line":56,"column":19},"end":{"line":58,"column":9}}},"5":{"name":"(anonymous_6)","decl":{"start":{"line":59,"column":15},"end":{"line":59,"column":16}},"loc":{"start":{"line":59,"column":23},"end":{"line":61,"column":9}}}},"branchMap":{"0":{"loc":{"start":{"line":49,"column":4},"end":{"line":62,"column":5}},"type":"if","locations":[{"start":{"line":49,"column":4},"end":{"line":62,"column":5}},{"start":{"line":53,"column":11},"end":{"line":62,"column":5}}]}},"s":{"0":4,"1":4,"2":4,"3":4,"4":4,"5":4,"6":4,"7":4,"8":4,"9":4,"10":4,"11":4,"12":4,"13":4,"14":4,"15":4,"16":4,"17":4,"18":4,"19":4,"20":6,"21":6,"22":6,"23":0,"24":6,"25":3,"26":6,"27":1,"28":1,"29":1,"30":5,"31":4,"32":1,"33":4},"f":{"0":6,"1":6,"2":0,"3":3,"4":4,"5":1},"b":{"0":[1,5]}}
,"C:\\Users\\dondi\\OneDrive\\שולחן העבודה\\לימודים\\פיתוח אלפיקציות אינטרנטיות\\New folder\\Assignment1\\src\\Routes\\AuthRoutes.ts": {"path":"C:\\Users\\dondi\\OneDrive\\שולחן העבודה\\לימודים\\פיתוח אלפיקציות אינטרנטיות\\New folder\\Assignment1\\src\\Routes\\AuthRoutes.ts","statementMap":{"0":{"start":{"line":1,"column":0},"end":{"line":1,"column":30}},"1":{"start":{"line":2,"column":15},"end":{"line":2,"column":31}},"2":{"start":{"line":3,"column":0},"end":{"line":3,"column":81}},"3":{"start":{"line":71,"column":0},"end":{"line":71,"column":51}},"4":{"start":{"line":113,"column":0},"end":{"line":113,"column":45}},"5":{"start":{"line":138,"column":0},"end":{"line":138,"column":47}},"6":{"start":{"line":172,"column":0},"end":{"line":172,"column":49}},"7":{"start":{"line":189,"column":0},"end":{"line":191,"column":3}},"8":{"start":{"line":190,"column":2},"end":{"line":190,"column":61}},"9":{"start":{"line":193,"column":0},"end":{"line":193,"column":22}}},"fnMap":{"0":{"name":"(anonymous_10)","decl":{"start":{"line":189,"column":40},"end":{"line":189,"column":41}},"loc":{"start":{"line":189,"column":53},"end":{"line":191,"column":1}}}},"branchMap":{},"s":{"0":4,"1":4,"2":4,"3":4,"4":4,"5":4,"6":4,"7":4,"8":1,"9":4},"f":{"0":1},"b":{}}
,"C:\\Users\\dondi\\OneDrive\\שולחן העבודה\\לימודים\\פיתוח אלפיקציות אינטרנטיות\\New folder\\Assignment1\\src\\Routes\\CommentRoutes.ts": {"path":"C:\\Users\\dondi\\OneDrive\\שולחן העבודה\\לימודים\\פיתוח אלפיקציות אינטרנטיות\\New folder\\Assignment1\\src\\Routes\\CommentRoutes.ts","statementMap":{"0":{"start":{"line":1,"column":0},"end":{"line":1,"column":53}},"1":{"start":{"line":2,"column":0},"end":{"line":2,"column":67}},"2":{"start":{"line":4,"column":15},"end":{"line":4,"column":31}},"3":{"start":{"line":64,"column":0},"end":{"line":71,"column":3}},"4":{"start":{"line":65,"column":17},"end":{"line":65,"column":33}},"5":{"start":{"line":66,"column":2},"end":{"line":70,"column":3}},"6":{"start":{"line":67,"column":4},"end":{"line":67,"column":40}},"7":{"start":{"line":69,"column":4},"end":{"line":69,"column":56}},"8":{"start":{"line":97,"column":0},"end":{"line":99,"column":3}},"9":{"start":{"line":98,"column":2},"end":{"line":98,"column":39}},"10":{"start":{"line":124,"column":0},"end":{"line":126,"column":3}},"11":{"start":{"line":125,"column":2},"end":{"line":125,"column":38}},"12":{"start":{"line":162,"column":0},"end":{"line":162,"column":79}},"13":{"start":{"line":184,"column":0},"end":{"line":186,"column":3}},"14":{"start":{"line":185,"column":2},"end":{"line":185,"column":45}},"15":{"start":{"line":188,"column":0},"end":{"line":188,"column":22}}},"fnMap":{"0":{"name":"(anonymous_1)","decl":{"start":{"line":64,"column":16},"end":{"line":64,"column":17}},"loc":{"start":{"line":64,"column":48},"end":{"line":71,"column":1}}},"1":{"name":"(anonymous_2)","decl":{"start":{"line":97,"column":20},"end":{"line":97,"column":21}},"loc":{"start":{"line":97,"column":52},"end":{"line":99,"column":1}}},"2":{"name":"(anonymous_3)","decl":{"start":{"line":124,"column":17},"end":{"line":124,"column":18}},"loc":{"start":{"line":124,"column":49},"end":{"line":126,"column":1}}},"3":{"name":"(anonymous_4)","decl":{"start":{"line":184,"column":23},"end":{"line":184,"column":24}},"loc":{"start":{"line":184,"column":55},"end":{"line":186,"column":1}}}},"branchMap":{"0":{"loc":{"start":{"line":66,"column":2},"end":{"line":70,"column":3}},"type":"if","locations":[{"start":{"line":66,"column":2},"end":{"line":70,"column":3}},{"start":{"line":68,"column":9},"end":{"line":70,"column":3}}]}},"s":{"0":4,"1":4,"2":4,"3":4,"4":4,"5":4,"6":2,"7":2,"8":4,"9":2,"10":4,"11":3,"12":4,"13":4,"14":2,"15":4},"f":{"0":4,"1":2,"2":3,"3":2},"b":{"0":[2,2]}}
,"C:\\Users\\dondi\\OneDrive\\שולחן העבודה\\לימודים\\פיתוח אלפיקציות אינטרנטיות\\New folder\\Assignment1\\src\\Routes\\PostsRoutes.ts": {"path":"C:\\Users\\dondi\\OneDrive\\שולחן העבודה\\לימודים\\פיתוח אלפיקציות אינטרנטיות\\New folder\\Assignment1\\src\\Routes\\PostsRoutes.ts","statementMap":{"0":{"start":{"line":1,"column":0},"end":{"line":1,"column":53}},"1":{"start":{"line":2,"column":15},"end":{"line":2,"column":31}},"2":{"start":{"line":3,"column":0},"end":{"line":3,"column":61}},"3":{"start":{"line":4,"column":0},"end":{"line":4,"column":64}},"4":{"start":{"line":66,"column":0},"end":{"line":68,"column":3}},"5":{"start":{"line":67,"column":2},"end":{"line":67,"column":35}},"6":{"start":{"line":89,"column":0},"end":{"line":89,"column":65}},"7":{"start":{"line":115,"column":0},"end":{"line":117,"column":3}},"8":{"start":{"line":116,"column":2},"end":{"line":116,"column":36}},"9":{"start":{"line":162,"column":0},"end":{"line":162,"column":86}},"10":{"start":{"line":164,"column":0},"end":{"line":164,"column":22}}},"fnMap":{"0":{"name":"(anonymous_1)","decl":{"start":{"line":66,"column":33},"end":{"line":66,"column":34}},"loc":{"start":{"line":66,"column":65},"end":{"line":68,"column":1}}},"1":{"name":"(anonymous_2)","decl":{"start":{"line":115,"column":20},"end":{"line":115,"column":21}},"loc":{"start":{"line":115,"column":52},"end":{"line":117,"column":1}}}},"branchMap":{},"s":{"0":4,"1":4,"2":4,"3":4,"4":4,"5":3,"6":4,"7":4,"8":2,"9":4,"10":4},"f":{"0":3,"1":2},"b":{}}
,"C:\\Users\\dondi\\OneDrive\\שולחן העבודה\\לימודים\\פיתוח אלפיקציות אינטרנטיות\\New folder\\Assignment1\\src\\controllers\\AuthControllers.ts": {"path":"C:\\Users\\dondi\\OneDrive\\שולחן העבודה\\לימודים\\פיתוח אלפיקציות אינטרנטיות\\New folder\\Assignment1\\src\\controllers\\AuthControllers.ts","statementMap":{"0":{"start":{"line":2,"column":0},"end":{"line":2,"column":31}},"1":{"start":{"line":3,"column":0},"end":{"line":3,"column":28}},"2":{"start":{"line":4,"column":0},"end":{"line":4,"column":55}},"3":{"start":{"line":15,"column":23},"end":{"line":33,"column":1}},"4":{"start":{"line":16,"column":2},"end":{"line":18,"column":3}},"5":{"start":{"line":17,"column":4},"end":{"line":17,"column":16}},"6":{"start":{"line":19,"column":15},"end":{"line":19,"column":28}},"7":{"start":{"line":20,"column":22},"end":{"line":23,"column":null}},"8":{"start":{"line":26,"column":23},"end":{"line":29,"column":null}},"9":{"start":{"line":32,"column":2},"end":{"line":32,"column":64}},"10":{"start":{"line":35,"column":17},"end":{"line":85,"column":1}},"11":{"start":{"line":36,"column":40},"end":{"line":36,"column":48}},"12":{"start":{"line":38,"column":2},"end":{"line":41,"column":3}},"13":{"start":{"line":39,"column":4},"end":{"line":39,"column":83}},"14":{"start":{"line":40,"column":4},"end":{"line":40,"column":11}},"15":{"start":{"line":42,"column":2},"end":{"line":45,"column":3}},"16":{"start":{"line":43,"column":4},"end":{"line":43,"column":80}},"17":{"start":{"line":44,"column":4},"end":{"line":44,"column":11}},"18":{"start":{"line":46,"column":2},"end":{"line":49,"column":3}},"19":{"start":{"line":47,"column":4},"end":{"line":47,"column":83}},"20":{"start":{"line":48,"column":4},"end":{"line":48,"column":11}},"21":{"start":{"line":51,"column":2},"end":{"line":84,"column":3}},"22":{"start":{"line":52,"column":25},"end":{"line":54,"column":6}},"23":{"start":{"line":56,"column":4},"end":{"line":63,"column":5}},"24":{"start":{"line":58,"column":8},"end":{"line":60,"column":37}},"25":{"start":{"line":61,"column":6},"end":{"line":61,"column":52}},"26":{"start":{"line":62,"column":6},"end":{"line":62,"column":13}},"27":{"start":{"line":64,"column":17},"end":{"line":64,"column":41}},"28":{"start":{"line":65,"column":27},"end":{"line":65,"column":60}},"29":{"start":{"line":67,"column":24},"end":{"line":71,"column":6}},"30":{"start":{"line":72,"column":4},"end":{"line":79,"column":7}},"31":{"start":{"line":80,"column":4},"end":{"line":80,"column":11}},"32":{"start":{"line":82,"column":4},"end":{"line":82,"column":45}},"33":{"start":{"line":83,"column":4},"end":{"line":83,"column":75}},"34":{"start":{"line":87,"column":14},"end":{"line":124,"column":1}},"35":{"start":{"line":88,"column":19},"end":{"line":88,"column":36}},"36":{"start":{"line":89,"column":16},"end":{"line":89,"column":30}},"37":{"start":{"line":90,"column":19},"end":{"line":90,"column":36}},"38":{"start":{"line":91,"column":2},"end":{"line":122,"column":3}},"39":{"start":{"line":92,"column":4},"end":{"line":95,"column":5}},"40":{"start":{"line":93,"column":6},"end":{"line":93,"column":87}},"41":{"start":{"line":94,"column":6},"end":{"line":94,"column":13}},"42":{"start":{"line":97,"column":17},"end":{"line":97,"column":76}},"43":{"start":{"line":98,"column":4},"end":{"line":101,"column":5}},"44":{"start":{"line":99,"column":6},"end":{"line":99,"column":80}},"45":{"start":{"line":100,"column":6},"end":{"line":100,"column":13}},"46":{"start":{"line":102,"column":26},"end":{"line":102,"column":71}},"47":{"start":{"line":103,"column":4},"end":{"line":106,"column":5}},"48":{"start":{"line":104,"column":6},"end":{"line":104,"column":80}},"49":{"start":{"line":105,"column":6},"end":{"line":105,"column":13}},"50":{"start":{"line":108,"column":19},"end":{"line":108,"column":53}},"51":{"start":{"line":109,"column":4},"end":{"line":112,"column":5}},"52":{"start":{"line":110,"column":6},"end":{"line":110,"column":69}},"53":{"start":{"line":111,"column":6},"end":{"line":111,"column":13}},"54":{"start":{"line":114,"column":4},"end":{"line":116,"column":5}},"55":{"start":{"line":115,"column":6},"end":{"line":115,"column":29}},"56":{"start":{"line":117,"column":4},"end":{"line":117,"column":48}},"57":{"start":{"line":118,"column":4},"end":{"line":118,"column":16}},"58":{"start":{"line":119,"column":4},"end":{"line":119,"column":55}},"59":{"start":{"line":121,"column":4},"end":{"line":121,"column":72}},"60":{"start":{"line":127,"column":29},"end":{"line":163,"column":1}},"61":{"start":{"line":128,"column":2},"end":{"line":162,"column":3}},"62":{"start":{"line":129,"column":4},"end":{"line":132,"column":5}},"63":{"start":{"line":130,"column":6},"end":{"line":130,"column":22}},"64":{"start":{"line":131,"column":6},"end":{"line":131,"column":13}},"65":{"start":{"line":133,"column":2},"end":{"line":136,"column":3}},"66":{"start":{"line":134,"column":4},"end":{"line":134,"column":20}},"67":{"start":{"line":135,"column":6},"end":{"line":135,"column":13}},"68":{"start":{"line":138,"column":2},"end":{"line":161,"column":5}},"69":{"start":{"line":139,"column":4},"end":{"line":142,"column":5}},"70":{"start":{"line":140,"column":6},"end":{"line":140,"column":18}},"71":{"start":{"line":141,"column":6},"end":{"line":141,"column":13}},"72":{"start":{"line":143,"column":20},"end":{"line":143,"column":43}},"73":{"start":{"line":144,"column":4},"end":{"line":160,"column":5}},"74":{"start":{"line":145,"column":19},"end":{"line":145,"column":51}},"75":{"start":{"line":146,"column":6},"end":{"line":149,"column":7}},"76":{"start":{"line":147,"column":8},"end":{"line":147,"column":24}},"77":{"start":{"line":148,"column":8},"end":{"line":148,"column":15}},"78":{"start":{"line":151,"column":6},"end":{"line":156,"column":7}},"79":{"start":{"line":152,"column":8},"end":{"line":152,"column":31}},"80":{"start":{"line":153,"column":8},"end":{"line":153,"column":26}},"81":{"start":{"line":154,"column":8},"end":{"line":154,"column":20}},"82":{"start":{"line":155,"column":8},"end":{"line":155,"column":15}},"83":{"start":{"line":157,"column":6},"end":{"line":157,"column":20}},"84":{"start":{"line":159,"column":6},"end":{"line":159,"column":18}},"85":{"start":{"line":168,"column":16},"end":{"line":187,"column":1}},"86":{"start":{"line":169,"column":2},"end":{"line":186,"column":3}},"87":{"start":{"line":170,"column":17},"end":{"line":170,"column":66}},"88":{"start":{"line":172,"column":19},"end":{"line":172,"column":53}},"89":{"start":{"line":173,"column":4},"end":{"line":176,"column":5}},"90":{"start":{"line":174,"column":6},"end":{"line":174,"column":36}},"91":{"start":{"line":175,"column":6},"end":{"line":175,"column":13}},"92":{"start":{"line":177,"column":4},"end":{"line":177,"column":94}},"93":{"start":{"line":177,"column":61},"end":{"line":177,"column":92}},"94":{"start":{"line":178,"column":4},"end":{"line":178,"column":48}},"95":{"start":{"line":179,"column":4},"end":{"line":179,"column":22}},"96":{"start":{"line":180,"column":4},"end":{"line":183,"column":7}},"97":{"start":{"line":185,"column":4},"end":{"line":185,"column":34}},"98":{"start":{"line":189,"column":15},"end":{"line":204,"column":1}},"99":{"start":{"line":190,"column":2},"end":{"line":203,"column":3}},"100":{"start":{"line":191,"column":17},"end":{"line":191,"column":66}},"101":{"start":{"line":192,"column":4},"end":{"line":195,"column":5}},"102":{"start":{"line":193,"column":6},"end":{"line":193,"column":36}},"103":{"start":{"line":194,"column":6},"end":{"line":194,"column":13}},"104":{"start":{"line":197,"column":4},"end":{"line":197,"column":94}},"105":{"start":{"line":197,"column":61},"end":{"line":197,"column":92}},"106":{"start":{"line":198,"column":4},"end":{"line":198,"column":22}},"107":{"start":{"line":199,"column":4},"end":{"line":199,"column":39}},"108":{"start":{"line":201,"column":4},"end":{"line":201,"column":34}},"109":{"start":{"line":202,"column":4},"end":{"line":202,"column":11}},"110":{"start":{"line":205,"column":30},"end":{"line":224,"column":1}},"111":{"start":{"line":206,"column":22},"end":{"line":206,"column":50}},"112":{"start":{"line":207,"column":16},"end":{"line":207,"column":56}},"113":{"start":{"line":208,"column":2},"end":{"line":211,"column":3}},"114":{"start":{"line":209,"column":4},"end":{"line":209,"column":57}},"115":{"start":{"line":210,"column":4},"end":{"line":210,"column":11}},"116":{"start":{"line":212,"column":2},"end":{"line":215,"column":3}},"117":{"start":{"line":213,"column":4},"end":{"line":213,"column":63}},"118":{"start":{"line":214,"column":4},"end":{"line":214,"column":11}},"119":{"start":{"line":216,"column":2},"end":{"line":223,"column":5}},"120":{"start":{"line":217,"column":4},"end":{"line":222,"column":5}},"121":{"start":{"line":218,"column":6},"end":{"line":218,"column":59}},"122":{"start":{"line":220,"column":6},"end":{"line":220,"column":51}},"123":{"start":{"line":221,"column":6},"end":{"line":221,"column":13}},"124":{"start":{"line":205,"column":13},"end":{"line":205,"column":30}},"125":{"start":{"line":227,"column":0},"end":{"line":227,"column":48}}},"fnMap":{"0":{"name":"(anonymous_1)","decl":{"start":{"line":15,"column":23},"end":{"line":15,"column":24}},"loc":{"start":{"line":15,"column":94},"end":{"line":33,"column":1}}},"1":{"name":"(anonymous_2)","decl":{"start":{"line":35,"column":17},"end":{"line":35,"column":22}},"loc":{"start":{"line":35,"column":55},"end":{"line":85,"column":1}}},"2":{"name":"(anonymous_3)","decl":{"start":{"line":87,"column":14},"end":{"line":87,"column":19}},"loc":{"start":{"line":87,"column":52},"end":{"line":124,"column":1}}},"3":{"name":"(anonymous_4)","decl":{"start":{"line":127,"column":29},"end":{"line":127,"column":30}},"loc":{"start":{"line":127,"column":66},"end":{"line":163,"column":1}}},"4":{"name":"(anonymous_5)","decl":{"start":{"line":128,"column":59},"end":{"line":128,"column":60}},"loc":{"start":{"line":128,"column":79},"end":{"line":162,"column":1}}},"5":{"name":"(anonymous_6)","decl":{"start":{"line":138,"column":60},"end":{"line":138,"column":65}},"loc":{"start":{"line":138,"column":93},"end":{"line":161,"column":3}}},"6":{"name":"(anonymous_7)","decl":{"start":{"line":168,"column":16},"end":{"line":168,"column":21}},"loc":{"start":{"line":168,"column":54},"end":{"line":187,"column":1}}},"7":{"name":"(anonymous_8)","decl":{"start":{"line":177,"column":50},"end":{"line":177,"column":51}},"loc":{"start":{"line":177,"column":61},"end":{"line":177,"column":92}}},"8":{"name":"(anonymous_9)","decl":{"start":{"line":189,"column":15},"end":{"line":189,"column":20}},"loc":{"start":{"line":189,"column":53},"end":{"line":204,"column":1}}},"9":{"name":"(anonymous_10)","decl":{"start":{"line":197,"column":50},"end":{"line":197,"column":51}},"loc":{"start":{"line":197,"column":61},"end":{"line":197,"column":92}}},"10":{"name":"(anonymous_11)","decl":{"start":{"line":205,"column":30},"end":{"line":205,"column":31}},"loc":{"start":{"line":205,"column":82},"end":{"line":224,"column":1}}},"11":{"name":"(anonymous_12)","decl":{"start":{"line":216,"column":53},"end":{"line":216,"column":54}},"loc":{"start":{"line":216,"column":70},"end":{"line":223,"column":3}}}},"branchMap":{"0":{"loc":{"start":{"line":16,"column":2},"end":{"line":18,"column":3}},"type":"if","locations":[{"start":{"line":16,"column":2},"end":{"line":18,"column":3}}]},"1":{"loc":{"start":{"line":38,"column":2},"end":{"line":41,"column":3}},"type":"if","locations":[{"start":{"line":38,"column":2},"end":{"line":41,"column":3}}]},"2":{"loc":{"start":{"line":38,"column":6},"end":{"line":38,"column":47}},"type":"binary-expr","locations":[{"start":{"line":38,"column":6},"end":{"line":38,"column":15}},{"start":{"line":38,"column":19},"end":{"line":38,"column":47}}]},"3":{"loc":{"start":{"line":42,"column":2},"end":{"line":45,"column":3}},"type":"if","locations":[{"start":{"line":42,"column":2},"end":{"line":45,"column":3}}]},"4":{"loc":{"start":{"line":42,"column":6},"end":{"line":42,"column":41}},"type":"binary-expr","locations":[{"start":{"line":42,"column":6},"end":{"line":42,"column":12}},{"start":{"line":42,"column":16},"end":{"line":42,"column":41}}]},"5":{"loc":{"start":{"line":46,"column":2},"end":{"line":49,"column":3}},"type":"if","locations":[{"start":{"line":46,"column":2},"end":{"line":49,"column":3}}]},"6":{"loc":{"start":{"line":46,"column":6},"end":{"line":46,"column":47}},"type":"binary-expr","locations":[{"start":{"line":46,"column":6},"end":{"line":46,"column":15}},{"start":{"line":46,"column":19},"end":{"line":46,"column":47}}]},"7":{"loc":{"start":{"line":56,"column":4},"end":{"line":63,"column":5}},"type":"if","locations":[{"start":{"line":56,"column":4},"end":{"line":63,"column":5}}]},"8":{"loc":{"start":{"line":58,"column":8},"end":{"line":60,"column":37}},"type":"cond-expr","locations":[{"start":{"line":59,"column":12},"end":{"line":59,"column":34}},{"start":{"line":60,"column":12},"end":{"line":60,"column":37}}]},"9":{"loc":{"start":{"line":92,"column":4},"end":{"line":95,"column":5}},"type":"if","locations":[{"start":{"line":92,"column":4},"end":{"line":95,"column":5}}]},"10":{"loc":{"start":{"line":92,"column":8},"end":{"line":92,"column":42}},"type":"binary-expr","locations":[{"start":{"line":92,"column":9},"end":{"line":92,"column":18}},{"start":{"line":92,"column":22},"end":{"line":92,"column":28}},{"start":{"line":92,"column":33},"end":{"line":92,"column":42}}]},"11":{"loc":{"start":{"line":98,"column":4},"end":{"line":101,"column":5}},"type":"if","locations":[{"start":{"line":98,"column":4},"end":{"line":101,"column":5}}]},"12":{"loc":{"start":{"line":103,"column":4},"end":{"line":106,"column":5}},"type":"if","locations":[{"start":{"line":103,"column":4},"end":{"line":106,"column":5}}]},"13":{"loc":{"start":{"line":109,"column":4},"end":{"line":112,"column":5}},"type":"if","locations":[{"start":{"line":109,"column":4},"end":{"line":112,"column":5}}]},"14":{"loc":{"start":{"line":114,"column":4},"end":{"line":116,"column":5}},"type":"if","locations":[{"start":{"line":114,"column":4},"end":{"line":116,"column":5}}]},"15":{"loc":{"start":{"line":129,"column":4},"end":{"line":132,"column":5}},"type":"if","locations":[{"start":{"line":129,"column":4},"end":{"line":132,"column":5}}]},"16":{"loc":{"start":{"line":133,"column":2},"end":{"line":136,"column":3}},"type":"if","locations":[{"start":{"line":133,"column":2},"end":{"line":136,"column":3}}]},"17":{"loc":{"start":{"line":139,"column":4},"end":{"line":142,"column":5}},"type":"if","locations":[{"start":{"line":139,"column":4},"end":{"line":142,"column":5}}]},"18":{"loc":{"start":{"line":146,"column":6},"end":{"line":149,"column":7}},"type":"if","locations":[{"start":{"line":146,"column":6},"end":{"line":149,"column":7}}]},"19":{"loc":{"start":{"line":151,"column":6},"end":{"line":156,"column":7}},"type":"if","locations":[{"start":{"line":151,"column":6},"end":{"line":156,"column":7}}]},"20":{"loc":{"start":{"line":151,"column":10},"end":{"line":151,"column":73}},"type":"binary-expr","locations":[{"start":{"line":151,"column":10},"end":{"line":151,"column":28}},{"start":{"line":151,"column":32},"end":{"line":151,"column":73}}]},"21":{"loc":{"start":{"line":173,"column":4},"end":{"line":176,"column":5}},"type":"if","locations":[{"start":{"line":173,"column":4},"end":{"line":176,"column":5}}]},"22":{"loc":{"start":{"line":192,"column":4},"end":{"line":195,"column":5}},"type":"if","locations":[{"start":{"line":192,"column":4},"end":{"line":195,"column":5}}]},"23":{"loc":{"start":{"line":207,"column":16},"end":{"line":207,"column":56}},"type":"binary-expr","locations":[{"start":{"line":207,"column":16},"end":{"line":207,"column":27}},{"start":{"line":207,"column":31},"end":{"line":207,"column":56}}]},"24":{"loc":{"start":{"line":208,"column":2},"end":{"line":211,"column":3}},"type":"if","locations":[{"start":{"line":208,"column":2},"end":{"line":211,"column":3}}]},"25":{"loc":{"start":{"line":212,"column":2},"end":{"line":215,"column":3}},"type":"if","locations":[{"start":{"line":212,"column":2},"end":{"line":215,"column":3}}]},"26":{"loc":{"start":{"line":217,"column":4},"end":{"line":222,"column":5}},"type":"if","locations":[{"start":{"line":217,"column":4},"end":{"line":222,"column":5}},{"start":{"line":219,"column":11},"end":{"line":222,"column":5}}]}},"s":{"0":4,"1":4,"2":4,"3":4,"4":31,"5":1,"6":30,"7":30,"8":30,"9":30,"10":4,"11":38,"12":38,"13":1,"14":1,"15":37,"16":2,"17":2,"18":35,"19":1,"20":1,"21":34,"22":34,"23":34,"24":29,"25":29,"26":29,"27":5,"28":5,"29":5,"30":5,"31":5,"32":0,"33":0,"34":4,"35":36,"36":36,"37":36,"38":36,"39":36,"40":1,"41":1,"42":35,"43":35,"44":3,"45":3,"46":32,"47":32,"48":2,"49":2,"50":30,"51":30,"52":1,"53":1,"54":29,"55":0,"56":29,"57":29,"58":29,"59":0,"60":4,"61":5,"62":5,"63":0,"64":0,"65":5,"66":0,"67":0,"68":5,"69":5,"70":2,"71":2,"72":3,"73":3,"74":3,"75":3,"76":0,"77":0,"78":3,"79":1,"80":1,"81":1,"82":1,"83":2,"84":0,"85":4,"86":3,"87":3,"88":1,"89":1,"90":0,"91":0,"92":1,"93":2,"94":1,"95":1,"96":1,"97":2,"98":4,"99":2,"100":2,"101":1,"102":0,"103":0,"104":1,"105":4,"106":1,"107":1,"108":1,"109":1,"110":4,"111":10,"112":10,"113":10,"114":1,"115":1,"116":9,"117":1,"118":1,"119":8,"120":8,"121":1,"122":7,"123":7,"124":4,"125":4},"f":{"0":31,"1":38,"2":36,"3":5,"4":5,"5":5,"6":3,"7":2,"8":2,"9":4,"10":10,"11":8},"b":{"0":[1],"1":[1],"2":[38,37],"3":[2],"4":[37,35],"5":[1],"6":[35,34],"7":[29],"8":[28,1],"9":[1],"10":[36,4,36],"11":[3],"12":[2],"13":[1],"14":[0],"15":[0],"16":[0],"17":[2],"18":[0],"19":[1],"20":[3,3],"21":[0],"22":[0],"23":[10,9],"24":[1],"25":[1],"26":[1,7]}}
,"C:\\Users\\dondi\\OneDrive\\שולחן העבודה\\לימודים\\פיתוח אלפיקציות אינטרנטיות\\New folder\\Assignment1\\src\\controllers\\CommentControllers.ts": {"path":"C:\\Users\\dondi\\OneDrive\\שולחן העבודה\\לימודים\\פיתוח אלפיקציות אינטרנטיות\\New folder\\Assignment1\\src\\controllers\\CommentControllers.ts","statementMap":{"0":{"start":{"line":2,"column":0},"end":{"line":2,"column":56}},"1":{"start":{"line":3,"column":0},"end":{"line":3,"column":50}},"2":{"start":{"line":7,"column":4},"end":{"line":7,"column":19}},"3":{"start":{"line":11,"column":19},"end":{"line":11,"column":35}},"4":{"start":{"line":12,"column":4},"end":{"line":12,"column":60}},"5":{"start":{"line":13,"column":4},"end":{"line":13,"column":24}},"6":{"start":{"line":14,"column":4},"end":{"line":25,"column":5}},"7":{"start":{"line":15,"column":30},"end":{"line":15,"column":68}},"8":{"start":{"line":16,"column":6},"end":{"line":22,"column":7}},"9":{"start":{"line":17,"column":8},"end":{"line":17,"column":68}},"10":{"start":{"line":18,"column":8},"end":{"line":18,"column":15}},"11":{"start":{"line":20,"column":8},"end":{"line":20,"column":46}},"12":{"start":{"line":21,"column":8},"end":{"line":21,"column":15}},"13":{"start":{"line":24,"column":6},"end":{"line":24,"column":34}},"14":{"start":{"line":29,"column":22},"end":{"line":29,"column":36}},"15":{"start":{"line":30,"column":23},"end":{"line":30,"column":39}},"16":{"start":{"line":31,"column":4},"end":{"line":47,"column":5}},"17":{"start":{"line":32,"column":30},"end":{"line":35,"column":null}},"18":{"start":{"line":37,"column":6},"end":{"line":43,"column":7}},"19":{"start":{"line":38,"column":8},"end":{"line":38,"column":74}},"20":{"start":{"line":39,"column":8},"end":{"line":39,"column":15}},"21":{"start":{"line":41,"column":8},"end":{"line":41,"column":46}},"22":{"start":{"line":42,"column":8},"end":{"line":42,"column":15}},"23":{"start":{"line":45,"column":6},"end":{"line":45,"column":34}},"24":{"start":{"line":46,"column":6},"end":{"line":46,"column":13}},"25":{"start":{"line":51,"column":22},"end":{"line":51,"column":36}},"26":{"start":{"line":52,"column":4},"end":{"line":66,"column":5}},"27":{"start":{"line":53,"column":25},"end":{"line":55,"column":8}},"28":{"start":{"line":56,"column":6},"end":{"line":62,"column":7}},"29":{"start":{"line":57,"column":8},"end":{"line":57,"column":73}},"30":{"start":{"line":58,"column":8},"end":{"line":58,"column":15}},"31":{"start":{"line":60,"column":8},"end":{"line":60,"column":41}},"32":{"start":{"line":61,"column":8},"end":{"line":61,"column":15}},"33":{"start":{"line":64,"column":6},"end":{"line":64,"column":34}},"34":{"start":{"line":65,"column":6},"end":{"line":65,"column":13}},"35":{"start":{"line":71,"column":0},"end":{"line":71,"column":39}}},"fnMap":{"0":{"name":"(anonymous_1)","decl":{"start":{"line":6,"column":2},"end":{"line":6,"column":null}},"loc":{"start":{"line":6,"column":2},"end":{"line":8,"column":3}}},"1":{"name":"(anonymous_2)","decl":{"start":{"line":10,"column":2},"end":{"line":10,"column":7}},"loc":{"start":{"line":10,"column":58},"end":{"line":26,"column":3}}},"2":{"name":"(anonymous_3)","decl":{"start":{"line":28,"column":2},"end":{"line":28,"column":7}},"loc":{"start":{"line":28,"column":49},"end":{"line":48,"column":3}}},"3":{"name":"(anonymous_4)","decl":{"start":{"line":50,"column":2},"end":{"line":50,"column":7}},"loc":{"start":{"line":50,"column":49},"end":{"line":67,"column":3}}}},"branchMap":{"0":{"loc":{"start":{"line":16,"column":6},"end":{"line":22,"column":7}},"type":"if","locations":[{"start":{"line":16,"column":6},"end":{"line":22,"column":7}},{"start":{"line":19,"column":13},"end":{"line":22,"column":7}}]},"1":{"loc":{"start":{"line":37,"column":6},"end":{"line":43,"column":7}},"type":"if","locations":[{"start":{"line":37,"column":6},"end":{"line":43,"column":7}},{"start":{"line":40,"column":13},"end":{"line":43,"column":7}}]},"2":{"loc":{"start":{"line":56,"column":6},"end":{"line":62,"column":7}},"type":"if","locations":[{"start":{"line":56,"column":6},"end":{"line":62,"column":7}},{"start":{"line":59,"column":13},"end":{"line":62,"column":7}}]}},"s":{"0":4,"1":4,"2":4,"3":2,"4":2,"5":2,"6":2,"7":2,"8":2,"9":1,"10":1,"11":1,"12":1,"13":0,"14":2,"15":2,"16":2,"17":2,"18":2,"19":1,"20":1,"21":1,"22":1,"23":0,"24":0,"25":2,"26":2,"27":2,"28":2,"29":1,"30":1,"31":1,"32":1,"33":0,"34":0,"35":4},"f":{"0":4,"1":2,"2":2,"3":2},"b":{"0":[1,1],"1":[1,1],"2":[1,1]}}
,"C:\\Users\\dondi\\OneDrive\\שולחן העבודה\\לימודים\\פיתוח אלפיקציות אינטרנטיות\\New folder\\Assignment1\\src\\controllers\\PostControllers.ts": {"path":"C:\\Users\\dondi\\OneDrive\\שולחן העבודה\\לימודים\\פיתוח אלפיקציות אינטרנטיות\\New folder\\Assignment1\\src\\controllers\\PostControllers.ts","statementMap":{"0":{"start":{"line":1,"column":0},"end":{"line":1,"column":50}},"1":{"start":{"line":2,"column":0},"end":{"line":2,"column":47}},"2":{"start":{"line":8,"column":4},"end":{"line":8,"column":17}},"3":{"start":{"line":13,"column":20},"end":{"line":13,"column":34}},"4":{"start":{"line":14,"column":21},"end":{"line":14,"column":35}},"5":{"start":{"line":15,"column":23},"end":{"line":15,"column":39}},"6":{"start":{"line":16,"column":4},"end":{"line":36,"column":5}},"7":{"start":{"line":17,"column":27},"end":{"line":20,"column":null}},"8":{"start":{"line":22,"column":6},"end":{"line":25,"column":7}},"9":{"start":{"line":23,"column":8},"end":{"line":23,"column":45}},"10":{"start":{"line":24,"column":8},"end":{"line":24,"column":15}},"11":{"start":{"line":26,"column":6},"end":{"line":32,"column":7}},"12":{"start":{"line":27,"column":8},"end":{"line":27,"column":52}},"13":{"start":{"line":28,"column":8},"end":{"line":28,"column":15}},"14":{"start":{"line":30,"column":8},"end":{"line":30,"column":43}},"15":{"start":{"line":31,"column":8},"end":{"line":31,"column":15}},"16":{"start":{"line":34,"column":6},"end":{"line":34,"column":34}},"17":{"start":{"line":35,"column":6},"end":{"line":35,"column":13}},"18":{"start":{"line":40,"column":19},"end":{"line":40,"column":32}},"19":{"start":{"line":41,"column":4},"end":{"line":44,"column":5}},"20":{"start":{"line":42,"column":8},"end":{"line":42,"column":45}},"21":{"start":{"line":43,"column":8},"end":{"line":43,"column":15}},"22":{"start":{"line":46,"column":17},"end":{"line":50,"column":6}},"23":{"start":{"line":52,"column":4},"end":{"line":55,"column":5}},"24":{"start":{"line":53,"column":8},"end":{"line":53,"column":45}},"25":{"start":{"line":54,"column":8},"end":{"line":54,"column":15}},"26":{"start":{"line":57,"column":4},"end":{"line":57,"column":20}},"27":{"start":{"line":58,"column":4},"end":{"line":58,"column":34}},"28":{"start":{"line":64,"column":0},"end":{"line":64,"column":40}}},"fnMap":{"0":{"name":"(anonymous_1)","decl":{"start":{"line":7,"column":2},"end":{"line":7,"column":14}},"loc":{"start":{"line":7,"column":25},"end":{"line":9,"column":3}}},"1":{"name":"(anonymous_2)","decl":{"start":{"line":12,"column":2},"end":{"line":12,"column":7}},"loc":{"start":{"line":12,"column":46},"end":{"line":37,"column":3}}},"2":{"name":"(anonymous_3)","decl":{"start":{"line":39,"column":2},"end":{"line":39,"column":7}},"loc":{"start":{"line":39,"column":42},"end":{"line":59,"column":1}}}},"branchMap":{"0":{"loc":{"start":{"line":22,"column":6},"end":{"line":25,"column":7}},"type":"if","locations":[{"start":{"line":22,"column":6},"end":{"line":25,"column":7}}]},"1":{"loc":{"start":{"line":22,"column":9},"end":{"line":22,"column":33}},"type":"binary-expr","locations":[{"start":{"line":22,"column":9},"end":{"line":22,"column":18}},{"start":{"line":22,"column":22},"end":{"line":22,"column":33}}]},"2":{"loc":{"start":{"line":26,"column":6},"end":{"line":32,"column":7}},"type":"if","locations":[{"start":{"line":26,"column":6},"end":{"line":32,"column":7}},{"start":{"line":29,"column":13},"end":{"line":32,"column":7}}]},"3":{"loc":{"start":{"line":40,"column":19},"end":{"line":40,"column":32}},"type":"cond-expr","locations":[{"start":{"line":40,"column":27},"end":{"line":40,"column":29}},{"start":{"line":40,"column":27},"end":{"line":40,"column":32}}]},"4":{"loc":{"start":{"line":40,"column":19},"end":{"line":40,"column":29}},"type":"binary-expr","locations":[{"start":{"line":40,"column":19},"end":{"line":40,"column":29}},{"start":{"line":40,"column":27},"end":{"line":40,"column":29}}]},"5":{"loc":{"start":{"line":41,"column":4},"end":{"line":44,"column":5}},"type":"if","locations":[{"start":{"line":41,"column":4},"end":{"line":44,"column":5}}]},"6":{"loc":{"start":{"line":52,"column":4},"end":{"line":55,"column":5}},"type":"if","locations":[{"start":{"line":52,"column":4},"end":{"line":55,"column":5}}]},"7":{"loc":{"start":{"line":52,"column":8},"end":{"line":52,"column":51}},"type":"binary-expr","locations":[{"start":{"line":52,"column":8},"end":{"line":52,"column":19}},{"start":{"line":52,"column":23},"end":{"line":52,"column":36}},{"start":{"line":52,"column":40},"end":{"line":52,"column":51}}]}},"s":{"0":4,"1":4,"2":4,"3":3,"4":3,"5":3,"6":3,"7":3,"8":3,"9":1,"10":1,"11":2,"12":1,"13":1,"14":1,"15":1,"16":0,"17":0,"18":3,"19":3,"20":0,"21":0,"22":3,"23":3,"24":1,"25":1,"26":2,"27":2,"28":4},"f":{"0":4,"1":3,"2":3},"b":{"0":[1],"1":[3,3],"2":[1,1],"3":[0,3],"4":[3,3],"5":[0],"6":[1],"7":[3,3,2]}}
,"C:\\Users\\dondi\\OneDrive\\שולחן העבודה\\לימודים\\פיתוח אלפיקציות אינטרנטיות\\New folder\\Assignment1\\src\\controllers\\baseController.ts": {"path":"C:\\Users\\dondi\\OneDrive\\שולחן העבודה\\לימודים\\פיתוח אלפיקציות אינטרנטיות\\New folder\\Assignment1\\src\\controllers\\baseController.ts","statementMap":{"0":{"start":{"line":7,"column":6},"end":{"line":7,"column":25}},"1":{"start":{"line":11,"column":6},"end":{"line":23,"column":7}},"2":{"start":{"line":12,"column":24},"end":{"line":12,"column":57}},"3":{"start":{"line":13,"column":8},"end":{"line":19,"column":9}},"4":{"start":{"line":14,"column":10},"end":{"line":14,"column":62}},"5":{"start":{"line":15,"column":10},"end":{"line":15,"column":17}},"6":{"start":{"line":17,"column":10},"end":{"line":17,"column":40}},"7":{"start":{"line":18,"column":10},"end":{"line":18,"column":17}},"8":{"start":{"line":21,"column":8},"end":{"line":21,"column":36}},"9":{"start":{"line":22,"column":8},"end":{"line":22,"column":15}},"10":{"start":{"line":27,"column":6},"end":{"line":27,"column":50}},"11":{"start":{"line":28,"column":26},"end":{"line":28,"column":41}},"12":{"start":{"line":29,"column":6},"end":{"line":29,"column":47}},"13":{"start":{"line":30,"column":6},"end":{"line":47,"column":7}},"14":{"start":{"line":31,"column":8},"end":{"line":43,"column":9}},"15":{"start":{"line":32,"column":24},"end":{"line":32,"column":69}},"16":{"start":{"line":33,"column":10},"end":{"line":36,"column":11}},"17":{"start":{"line":34,"column":12},"end":{"line":34,"column":71}},"18":{"start":{"line":35,"column":12},"end":{"line":35,"column":19}},"19":{"start":{"line":37,"column":10},"end":{"line":37,"column":38}},"20":{"start":{"line":38,"column":10},"end":{"line":38,"column":17}},"21":{"start":{"line":40,"column":24},"end":{"line":40,"column":47}},"22":{"start":{"line":41,"column":10},"end":{"line":41,"column":38}},"23":{"start":{"line":42,"column":10},"end":{"line":42,"column":17}},"24":{"start":{"line":45,"column":8},"end":{"line":45,"column":27}},"25":{"start":{"line":46,"column":8},"end":{"line":46,"column":36}},"26":{"start":{"line":52,"column":22},"end":{"line":52,"column":36}},"27":{"start":{"line":54,"column":6},"end":{"line":67,"column":7}},"28":{"start":{"line":55,"column":21},"end":{"line":55,"column":55}},"29":{"start":{"line":57,"column":8},"end":{"line":63,"column":9}},"30":{"start":{"line":58,"column":10},"end":{"line":58,"column":63}},"31":{"start":{"line":59,"column":10},"end":{"line":59,"column":17}},"32":{"start":{"line":61,"column":10},"end":{"line":61,"column":37}},"33":{"start":{"line":62,"column":10},"end":{"line":62,"column":17}},"34":{"start":{"line":65,"column":8},"end":{"line":65,"column":36}},"35":{"start":{"line":66,"column":8},"end":{"line":66,"column":15}},"36":{"start":{"line":4,"column":0},"end":{"line":4,"column":13}},"37":{"start":{"line":70,"column":27},"end":{"line":72,"column":3}},"38":{"start":{"line":71,"column":4},"end":{"line":71,"column":37}},"39":{"start":{"line":74,"column":2},"end":{"line":74,"column":34}}},"fnMap":{"0":{"name":"(anonymous_0)","decl":{"start":{"line":6,"column":4},"end":{"line":6,"column":16}},"loc":{"start":{"line":6,"column":31},"end":{"line":8,"column":5}}},"1":{"name":"(anonymous_1)","decl":{"start":{"line":10,"column":4},"end":{"line":10,"column":9}},"loc":{"start":{"line":10,"column":44},"end":{"line":24,"column":5}}},"2":{"name":"(anonymous_2)","decl":{"start":{"line":26,"column":4},"end":{"line":26,"column":9}},"loc":{"start":{"line":26,"column":44},"end":{"line":48,"column":5}}},"3":{"name":"(anonymous_3)","decl":{"start":{"line":51,"column":4},"end":{"line":51,"column":9}},"loc":{"start":{"line":51,"column":45},"end":{"line":68,"column":5}}},"4":{"name":"(anonymous_4)","decl":{"start":{"line":70,"column":27},"end":{"line":70,"column":31}},"loc":{"start":{"line":70,"column":50},"end":{"line":72,"column":3}}}},"branchMap":{"0":{"loc":{"start":{"line":13,"column":8},"end":{"line":19,"column":9}},"type":"if","locations":[{"start":{"line":13,"column":8},"end":{"line":19,"column":9}},{"start":{"line":16,"column":15},"end":{"line":19,"column":9}}]},"1":{"loc":{"start":{"line":31,"column":8},"end":{"line":43,"column":9}},"type":"if","locations":[{"start":{"line":31,"column":8},"end":{"line":43,"column":9}},{"start":{"line":39,"column":15},"end":{"line":43,"column":9}}]},"2":{"loc":{"start":{"line":33,"column":10},"end":{"line":36,"column":11}},"type":"if","locations":[{"start":{"line":33,"column":10},"end":{"line":36,"column":11}}]},"3":{"loc":{"start":{"line":57,"column":8},"end":{"line":63,"column":9}},"type":"if","locations":[{"start":{"line":57,"column":8},"end":{"line":63,"column":9}},{"start":{"line":60,"column":15},"end":{"line":63,"column":9}}]}},"s":{"0":8,"1":5,"2":5,"3":3,"4":0,"5":0,"6":3,"7":3,"8":2,"9":2,"10":6,"11":6,"12":6,"13":6,"14":6,"15":2,"16":2,"17":1,"18":1,"19":1,"20":1,"21":4,"22":4,"23":4,"24":0,"25":0,"26":4,"27":4,"28":4,"29":3,"30":1,"31":1,"32":2,"33":2,"34":1,"35":1,"36":4,"37":4,"38":0,"39":4},"f":{"0":8,"1":5,"2":6,"3":4,"4":0},"b":{"0":[0,3],"1":[2,4],"2":[1],"3":[1,2]}}
,"C:\\Users\\dondi\\OneDrive\\שולחן העבודה\\לימודים\\פיתוח אלפיקציות אינטרנטיות\\New folder\\Assignment1\\src\\models\\AuthModel.ts": {"path":"C:\\Users\\dondi\\OneDrive\\שולחן העבודה\\לימודים\\פיתוח אלפיקציות אינטרנטיות\\New folder\\Assignment1\\src\\models\\AuthModel.ts","statementMap":{"0":{"start":{"line":1,"column":0},"end":{"line":1,"column":54}},"1":{"start":{"line":10,"column":27},"end":{"line":17,"column":null}},"2":{"start":{"line":20,"column":0},"end":{"line":20,"column":57}}},"fnMap":{},"branchMap":{},"s":{"0":4,"1":4,"2":4},"f":{},"b":{}}
,"C:\\Users\\dondi\\OneDrive\\שולחן העבודה\\לימודים\\פיתוח אלפיקציות אינטרנטיות\\New folder\\Assignment1\\src\\models\\CommentModel.ts": {"path":"C:\\Users\\dondi\\OneDrive\\שולחן העבודה\\לימודים\\פיתוח אלפיקציות אינטרנטיות\\New folder\\Assignment1\\src\\models\\CommentModel.ts","statementMap":{"0":{"start":{"line":1,"column":0},"end":{"line":1,"column":32}},"1":{"start":{"line":9,"column":24},"end":{"line":16,"column":null}},"2":{"start":{"line":18,"column":15},"end":{"line":18,"column":68}},"3":{"start":{"line":19,"column":0},"end":{"line":19,"column":23}}},"fnMap":{},"branchMap":{},"s":{"0":4,"1":4,"2":4,"3":4},"f":{},"b":{}}
,"C:\\Users\\dondi\\OneDrive\\שולחן העבודה\\לימודים\\פיתוח אלפיקציות אינטרנטיות\\New folder\\Assignment1\\src\\models\\PostModel.ts": {"path":"C:\\Users\\dondi\\OneDrive\\שולחן העבודה\\לימודים\\פיתוח אלפיקציות אינטרנטיות\\New folder\\Assignment1\\src\\models\\PostModel.ts","statementMap":{"0":{"start":{"line":1,"column":0},"end":{"line":1,"column":61}},"1":{"start":{"line":9,"column":19},"end":{"line":14,"column":null}},"2":{"start":{"line":17,"column":13},"end":{"line":17,"column":55}},"3":{"start":{"line":19,"column":0},"end":{"line":19,"column":20}}},"fnMap":{},"branchMap":{},"s":{"0":4,"1":4,"2":4,"3":4},"f":{},"b":{}}
}
