{"C:\\Users\\dondi\\OneDrive\\שולחן העבודה\\לימודים\\פיתוח אלפיקציות אינטרנטיות\\New folder\\Assignment1\\src\\server.ts": {"path":"C:\\Users\\dondi\\OneDrive\\שולחן העבודה\\לימודים\\פיתוח אלפיקציות אינטרנטיות\\New folder\\Assignment1\\src\\server.ts","statementMap":{"0":{"start":{"line":1,"column":0},"end":{"line":1,"column":43}},"1":{"start":{"line":2,"column":0},"end":{"line":2,"column":28}},"2":{"start":{"line":3,"column":0},"end":{"line":3,"column":32}},"3":{"start":{"line":4,"column":0},"end":{"line":4,"column":46}},"4":{"start":{"line":5,"column":0},"end":{"line":5,"column":51}},"5":{"start":{"line":6,"column":0},"end":{"line":6,"column":45}},"6":{"start":{"line":7,"column":0},"end":{"line":7,"column":37}},"7":{"start":{"line":8,"column":0},"end":{"line":8,"column":41}},"8":{"start":{"line":9,"column":0},"end":{"line":9,"column":43}},"9":{"start":{"line":11,"column":0},"end":{"line":11,"column":16}},"10":{"start":{"line":12,"column":12},"end":{"line":12,"column":21}},"11":{"start":{"line":14,"column":0},"end":{"line":14,"column":27}},"12":{"start":{"line":15,"column":0},"end":{"line":15,"column":51}},"13":{"start":{"line":16,"column":0},"end":{"line":16,"column":29}},"14":{"start":{"line":17,"column":0},"end":{"line":17,"column":35}},"15":{"start":{"line":18,"column":0},"end":{"line":18,"column":29}},"16":{"start":{"line":20,"column":16},"end":{"line":31,"column":2}},"17":{"start":{"line":32,"column":14},"end":{"line":32,"column":35}},"18":{"start":{"line":33,"column":0},"end":{"line":33,"column":60}},"19":{"start":{"line":37,"column":16},"end":{"line":64,"column":1}},"20":{"start":{"line":38,"column":2},"end":{"line":63,"column":5}},"21":{"start":{"line":39,"column":15},"end":{"line":39,"column":34}},"22":{"start":{"line":41,"column":4},"end":{"line":43,"column":7}},"23":{"start":{"line":42,"column":6},"end":{"line":42,"column":57}},"24":{"start":{"line":45,"column":4},"end":{"line":47,"column":7}},"25":{"start":{"line":46,"column":6},"end":{"line":46,"column":43}},"26":{"start":{"line":49,"column":4},"end":{"line":62,"column":5}},"27":{"start":{"line":50,"column":6},"end":{"line":50,"column":59}},"28":{"start":{"line":51,"column":6},"end":{"line":51,"column":81}},"29":{"start":{"line":52,"column":6},"end":{"line":52,"column":13}},"30":{"start":{"line":54,"column":6},"end":{"line":61,"column":11}},"31":{"start":{"line":57,"column":10},"end":{"line":57,"column":23}},"32":{"start":{"line":60,"column":10},"end":{"line":60,"column":22}},"33":{"start":{"line":67,"column":0},"end":{"line":67,"column":23}}},"fnMap":{"0":{"name":"(anonymous_1)","decl":{"start":{"line":37,"column":16},"end":{"line":37,"column":21}},"loc":{"start":{"line":37,"column":45},"end":{"line":64,"column":1}}},"1":{"name":"(anonymous_2)","decl":{"start":{"line":38,"column":30},"end":{"line":38,"column":31}},"loc":{"start":{"line":38,"column":50},"end":{"line":63,"column":3}}},"2":{"name":"(anonymous_3)","decl":{"start":{"line":41,"column":19},"end":{"line":41,"column":20}},"loc":{"start":{"line":41,"column":29},"end":{"line":43,"column":5}}},"3":{"name":"(anonymous_4)","decl":{"start":{"line":45,"column":20},"end":{"line":45,"column":23}},"loc":{"start":{"line":45,"column":25},"end":{"line":47,"column":5}}},"4":{"name":"(anonymous_5)","decl":{"start":{"line":56,"column":14},"end":{"line":56,"column":17}},"loc":{"start":{"line":56,"column":19},"end":{"line":58,"column":9}}},"5":{"name":"(anonymous_6)","decl":{"start":{"line":59,"column":15},"end":{"line":59,"column":16}},"loc":{"start":{"line":59,"column":23},"end":{"line":61,"column":9}}}},"branchMap":{"0":{"loc":{"start":{"line":49,"column":4},"end":{"line":62,"column":5}},"type":"if","locations":[{"start":{"line":49,"column":4},"end":{"line":62,"column":5}},{"start":{"line":53,"column":11},"end":{"line":62,"column":5}}]}},"s":{"0":4,"1":4,"2":4,"3":4,"4":4,"5":4,"6":4,"7":4,"8":4,"9":4,"10":4,"11":4,"12":4,"13":4,"14":4,"15":4,"16":4,"17":4,"18":4,"19":4,"20":6,"21":6,"22":6,"23":0,"24":6,"25":3,"26":6,"27":1,"28":1,"29":1,"30":5,"31":4,"32":1,"33":4},"f":{"0":6,"1":6,"2":0,"3":3,"4":4,"5":1},"b":{"0":[1,5]}}
,"C:\\Users\\dondi\\OneDrive\\שולחן העבודה\\לימודים\\פיתוח אלפיקציות אינטרנטיות\\New folder\\Assignment1\\src\\Routes\\AuthRoutes.ts": {"path":"C:\\Users\\dondi\\OneDrive\\שולחן העבודה\\לימודים\\פיתוח אלפיקציות אינטרנטיות\\New folder\\Assignment1\\src\\Routes\\AuthRoutes.ts","statementMap":{"0":{"start":{"line":1,"column":0},"end":{"line":1,"column":30}},"1":{"start":{"line":2,"column":15},"end":{"line":2,"column":31}},"2":{"start":{"line":3,"column":0},"end":{"line":3,"column":81}},"3":{"start":{"line":4,"column":0},"end":{"line":4,"column":57}},"4":{"start":{"line":72,"column":0},"end":{"line":72,"column":82}},"5":{"start":{"line":113,"column":0},"end":{"line":113,"column":45}},"6":{"start":{"line":138,"column":0},"end":{"line":138,"column":47}},"7":{"start":{"line":172,"column":0},"end":{"line":172,"column":49}},"8":{"start":{"line":196,"column":0},"end":{"line":196,"column":51}},"9":{"start":{"line":214,"column":0},"end":{"line":216,"column":3}},"10":{"start":{"line":215,"column":2},"end":{"line":215,"column":61}},"11":{"start":{"line":218,"column":0},"end":{"line":218,"column":22}}},"fnMap":{"0":{"name":"(anonymous_10)","decl":{"start":{"line":214,"column":40},"end":{"line":214,"column":41}},"loc":{"start":{"line":214,"column":53},"end":{"line":216,"column":1}}}},"branchMap":{},"s":{"0":4,"1":4,"2":4,"3":4,"4":4,"5":4,"6":4,"7":4,"8":4,"9":4,"10":1,"11":4},"f":{"0":1},"b":{}}
,"C:\\Users\\dondi\\OneDrive\\שולחן העבודה\\לימודים\\פיתוח אלפיקציות אינטרנטיות\\New folder\\Assignment1\\src\\Routes\\CommentRoutes.ts": {"path":"C:\\Users\\dondi\\OneDrive\\שולחן העבודה\\לימודים\\פיתוח אלפיקציות אינטרנטיות\\New folder\\Assignment1\\src\\Routes\\CommentRoutes.ts","statementMap":{"0":{"start":{"line":1,"column":0},"end":{"line":1,"column":53}},"1":{"start":{"line":2,"column":0},"end":{"line":2,"column":67}},"2":{"start":{"line":4,"column":15},"end":{"line":4,"column":31}},"3":{"start":{"line":64,"column":0},"end":{"line":71,"column":3}},"4":{"start":{"line":65,"column":17},"end":{"line":65,"column":33}},"5":{"start":{"line":66,"column":2},"end":{"line":70,"column":3}},"6":{"start":{"line":67,"column":4},"end":{"line":67,"column":40}},"7":{"start":{"line":69,"column":4},"end":{"line":69,"column":56}},"8":{"start":{"line":97,"column":0},"end":{"line":99,"column":3}},"9":{"start":{"line":98,"column":2},"end":{"line":98,"column":39}},"10":{"start":{"line":124,"column":0},"end":{"line":126,"column":3}},"11":{"start":{"line":125,"column":2},"end":{"line":125,"column":38}},"12":{"start":{"line":162,"column":0},"end":{"line":162,"column":79}},"13":{"start":{"line":184,"column":0},"end":{"line":186,"column":3}},"14":{"start":{"line":185,"column":2},"end":{"line":185,"column":45}},"15":{"start":{"line":188,"column":0},"end":{"line":188,"column":22}}},"fnMap":{"0":{"name":"(anonymous_1)","decl":{"start":{"line":64,"column":16},"end":{"line":64,"column":17}},"loc":{"start":{"line":64,"column":48},"end":{"line":71,"column":1}}},"1":{"name":"(anonymous_2)","decl":{"start":{"line":97,"column":20},"end":{"line":97,"column":21}},"loc":{"start":{"line":97,"column":52},"end":{"line":99,"column":1}}},"2":{"name":"(anonymous_3)","decl":{"start":{"line":124,"column":17},"end":{"line":124,"column":18}},"loc":{"start":{"line":124,"column":49},"end":{"line":126,"column":1}}},"3":{"name":"(anonymous_4)","decl":{"start":{"line":184,"column":23},"end":{"line":184,"column":24}},"loc":{"start":{"line":184,"column":55},"end":{"line":186,"column":1}}}},"branchMap":{"0":{"loc":{"start":{"line":66,"column":2},"end":{"line":70,"column":3}},"type":"if","locations":[{"start":{"line":66,"column":2},"end":{"line":70,"column":3}},{"start":{"line":68,"column":9},"end":{"line":70,"column":3}}]}},"s":{"0":4,"1":4,"2":4,"3":4,"4":4,"5":4,"6":2,"7":2,"8":4,"9":2,"10":4,"11":3,"12":4,"13":4,"14":2,"15":4},"f":{"0":4,"1":2,"2":3,"3":2},"b":{"0":[2,2]}}
,"C:\\Users\\dondi\\OneDrive\\שולחן העבודה\\לימודים\\פיתוח אלפיקציות אינטרנטיות\\New folder\\Assignment1\\src\\Routes\\PostsRoutes.ts": {"path":"C:\\Users\\dondi\\OneDrive\\שולחן העבודה\\לימודים\\פיתוח אלפיקציות אינטרנטיות\\New folder\\Assignment1\\src\\Routes\\PostsRoutes.ts","statementMap":{"0":{"start":{"line":1,"column":0},"end":{"line":1,"column":53}},"1":{"start":{"line":2,"column":15},"end":{"line":2,"column":31}},"2":{"start":{"line":3,"column":0},"end":{"line":3,"column":61}},"3":{"start":{"line":4,"column":0},"end":{"line":4,"column":64}},"4":{"start":{"line":66,"column":0},"end":{"line":68,"column":3}},"5":{"start":{"line":67,"column":2},"end":{"line":67,"column":35}},"6":{"start":{"line":89,"column":0},"end":{"line":89,"column":65}},"7":{"start":{"line":115,"column":0},"end":{"line":117,"column":3}},"8":{"start":{"line":116,"column":2},"end":{"line":116,"column":36}},"9":{"start":{"line":162,"column":0},"end":{"line":162,"column":86}},"10":{"start":{"line":164,"column":0},"end":{"line":164,"column":22}}},"fnMap":{"0":{"name":"(anonymous_1)","decl":{"start":{"line":66,"column":33},"end":{"line":66,"column":34}},"loc":{"start":{"line":66,"column":65},"end":{"line":68,"column":1}}},"1":{"name":"(anonymous_2)","decl":{"start":{"line":115,"column":20},"end":{"line":115,"column":21}},"loc":{"start":{"line":115,"column":52},"end":{"line":117,"column":1}}}},"branchMap":{},"s":{"0":4,"1":4,"2":4,"3":4,"4":4,"5":3,"6":4,"7":4,"8":2,"9":4,"10":4},"f":{"0":3,"1":2},"b":{}}
,"C:\\Users\\dondi\\OneDrive\\שולחן העבודה\\לימודים\\פיתוח אלפיקציות אינטרנטיות\\New folder\\Assignment1\\src\\controllers\\AuthControllers.ts": {"path":"C:\\Users\\dondi\\OneDrive\\שולחן העבודה\\לימודים\\פיתוח אלפיקציות אינטרנטיות\\New folder\\Assignment1\\src\\controllers\\AuthControllers.ts","statementMap":{"0":{"start":{"line":2,"column":0},"end":{"line":2,"column":31}},"1":{"start":{"line":3,"column":0},"end":{"line":3,"column":28}},"2":{"start":{"line":4,"column":0},"end":{"line":4,"column":55}},"3":{"start":{"line":7,"column":0},"end":{"line":7,"column":51}},"4":{"start":{"line":9,"column":15},"end":{"line":9,"column":61}},"5":{"start":{"line":19,"column":23},"end":{"line":37,"column":1}},"6":{"start":{"line":20,"column":2},"end":{"line":22,"column":3}},"7":{"start":{"line":21,"column":4},"end":{"line":21,"column":16}},"8":{"start":{"line":23,"column":15},"end":{"line":23,"column":28}},"9":{"start":{"line":24,"column":22},"end":{"line":27,"column":null}},"10":{"start":{"line":30,"column":23},"end":{"line":33,"column":null}},"11":{"start":{"line":36,"column":2},"end":{"line":36,"column":64}},"12":{"start":{"line":38,"column":17},"end":{"line":98,"column":1}},"13":{"start":{"line":39,"column":40},"end":{"line":39,"column":48}},"14":{"start":{"line":40,"column":23},"end":{"line":40,"column":43}},"15":{"start":{"line":43,"column":2},"end":{"line":46,"column":3}},"16":{"start":{"line":44,"column":4},"end":{"line":44,"column":83}},"17":{"start":{"line":45,"column":4},"end":{"line":45,"column":11}},"18":{"start":{"line":47,"column":2},"end":{"line":50,"column":3}},"19":{"start":{"line":48,"column":4},"end":{"line":48,"column":80}},"20":{"start":{"line":49,"column":4},"end":{"line":49,"column":11}},"21":{"start":{"line":51,"column":2},"end":{"line":54,"column":3}},"22":{"start":{"line":52,"column":4},"end":{"line":52,"column":83}},"23":{"start":{"line":53,"column":4},"end":{"line":53,"column":11}},"24":{"start":{"line":56,"column":2},"end":{"line":97,"column":3}},"25":{"start":{"line":58,"column":25},"end":{"line":60,"column":6}},"26":{"start":{"line":62,"column":4},"end":{"line":69,"column":5}},"27":{"start":{"line":64,"column":8},"end":{"line":66,"column":37}},"28":{"start":{"line":67,"column":6},"end":{"line":67,"column":52}},"29":{"start":{"line":68,"column":6},"end":{"line":68,"column":13}},"30":{"start":{"line":72,"column":17},"end":{"line":72,"column":41}},"31":{"start":{"line":73,"column":27},"end":{"line":73,"column":60}},"32":{"start":{"line":76,"column":24},"end":{"line":81,"column":6}},"33":{"start":{"line":84,"column":4},"end":{"line":92,"column":7}},"34":{"start":{"line":93,"column":4},"end":{"line":93,"column":11}},"35":{"start":{"line":95,"column":4},"end":{"line":95,"column":45}},"36":{"start":{"line":96,"column":4},"end":{"line":96,"column":75}},"37":{"start":{"line":101,"column":14},"end":{"line":138,"column":1}},"38":{"start":{"line":102,"column":19},"end":{"line":102,"column":36}},"39":{"start":{"line":103,"column":16},"end":{"line":103,"column":30}},"40":{"start":{"line":104,"column":19},"end":{"line":104,"column":36}},"41":{"start":{"line":105,"column":2},"end":{"line":136,"column":3}},"42":{"start":{"line":106,"column":4},"end":{"line":109,"column":5}},"43":{"start":{"line":107,"column":6},"end":{"line":107,"column":87}},"44":{"start":{"line":108,"column":6},"end":{"line":108,"column":13}},"45":{"start":{"line":111,"column":17},"end":{"line":111,"column":76}},"46":{"start":{"line":112,"column":4},"end":{"line":115,"column":5}},"47":{"start":{"line":113,"column":6},"end":{"line":113,"column":80}},"48":{"start":{"line":114,"column":6},"end":{"line":114,"column":13}},"49":{"start":{"line":116,"column":26},"end":{"line":116,"column":71}},"50":{"start":{"line":117,"column":4},"end":{"line":120,"column":5}},"51":{"start":{"line":118,"column":6},"end":{"line":118,"column":80}},"52":{"start":{"line":119,"column":6},"end":{"line":119,"column":13}},"53":{"start":{"line":122,"column":19},"end":{"line":122,"column":53}},"54":{"start":{"line":123,"column":4},"end":{"line":126,"column":5}},"55":{"start":{"line":124,"column":6},"end":{"line":124,"column":69}},"56":{"start":{"line":125,"column":6},"end":{"line":125,"column":13}},"57":{"start":{"line":128,"column":4},"end":{"line":130,"column":5}},"58":{"start":{"line":129,"column":6},"end":{"line":129,"column":29}},"59":{"start":{"line":131,"column":4},"end":{"line":131,"column":48}},"60":{"start":{"line":132,"column":4},"end":{"line":132,"column":16}},"61":{"start":{"line":133,"column":4},"end":{"line":133,"column":55}},"62":{"start":{"line":135,"column":4},"end":{"line":135,"column":72}},"63":{"start":{"line":141,"column":29},"end":{"line":177,"column":1}},"64":{"start":{"line":142,"column":2},"end":{"line":176,"column":3}},"65":{"start":{"line":143,"column":4},"end":{"line":146,"column":5}},"66":{"start":{"line":144,"column":6},"end":{"line":144,"column":22}},"67":{"start":{"line":145,"column":6},"end":{"line":145,"column":13}},"68":{"start":{"line":147,"column":2},"end":{"line":150,"column":3}},"69":{"start":{"line":148,"column":4},"end":{"line":148,"column":20}},"70":{"start":{"line":149,"column":6},"end":{"line":149,"column":13}},"71":{"start":{"line":152,"column":2},"end":{"line":175,"column":5}},"72":{"start":{"line":153,"column":4},"end":{"line":156,"column":5}},"73":{"start":{"line":154,"column":6},"end":{"line":154,"column":18}},"74":{"start":{"line":155,"column":6},"end":{"line":155,"column":13}},"75":{"start":{"line":157,"column":20},"end":{"line":157,"column":43}},"76":{"start":{"line":158,"column":4},"end":{"line":174,"column":5}},"77":{"start":{"line":159,"column":19},"end":{"line":159,"column":51}},"78":{"start":{"line":160,"column":6},"end":{"line":163,"column":7}},"79":{"start":{"line":161,"column":8},"end":{"line":161,"column":24}},"80":{"start":{"line":162,"column":8},"end":{"line":162,"column":15}},"81":{"start":{"line":165,"column":6},"end":{"line":170,"column":7}},"82":{"start":{"line":166,"column":8},"end":{"line":166,"column":31}},"83":{"start":{"line":167,"column":8},"end":{"line":167,"column":26}},"84":{"start":{"line":168,"column":8},"end":{"line":168,"column":20}},"85":{"start":{"line":169,"column":8},"end":{"line":169,"column":15}},"86":{"start":{"line":171,"column":6},"end":{"line":171,"column":20}},"87":{"start":{"line":173,"column":6},"end":{"line":173,"column":18}},"88":{"start":{"line":182,"column":16},"end":{"line":201,"column":1}},"89":{"start":{"line":183,"column":2},"end":{"line":200,"column":3}},"90":{"start":{"line":184,"column":17},"end":{"line":184,"column":66}},"91":{"start":{"line":186,"column":19},"end":{"line":186,"column":53}},"92":{"start":{"line":187,"column":4},"end":{"line":190,"column":5}},"93":{"start":{"line":188,"column":6},"end":{"line":188,"column":36}},"94":{"start":{"line":189,"column":6},"end":{"line":189,"column":13}},"95":{"start":{"line":191,"column":4},"end":{"line":191,"column":94}},"96":{"start":{"line":191,"column":61},"end":{"line":191,"column":92}},"97":{"start":{"line":192,"column":4},"end":{"line":192,"column":48}},"98":{"start":{"line":193,"column":4},"end":{"line":193,"column":22}},"99":{"start":{"line":194,"column":4},"end":{"line":197,"column":7}},"100":{"start":{"line":199,"column":4},"end":{"line":199,"column":34}},"101":{"start":{"line":203,"column":15},"end":{"line":218,"column":1}},"102":{"start":{"line":204,"column":2},"end":{"line":217,"column":3}},"103":{"start":{"line":205,"column":17},"end":{"line":205,"column":66}},"104":{"start":{"line":206,"column":4},"end":{"line":209,"column":5}},"105":{"start":{"line":207,"column":6},"end":{"line":207,"column":36}},"106":{"start":{"line":208,"column":6},"end":{"line":208,"column":13}},"107":{"start":{"line":211,"column":4},"end":{"line":211,"column":94}},"108":{"start":{"line":211,"column":61},"end":{"line":211,"column":92}},"109":{"start":{"line":212,"column":4},"end":{"line":212,"column":22}},"110":{"start":{"line":213,"column":4},"end":{"line":213,"column":39}},"111":{"start":{"line":215,"column":4},"end":{"line":215,"column":34}},"112":{"start":{"line":216,"column":4},"end":{"line":216,"column":11}},"113":{"start":{"line":219,"column":30},"end":{"line":238,"column":1}},"114":{"start":{"line":220,"column":22},"end":{"line":220,"column":50}},"115":{"start":{"line":221,"column":16},"end":{"line":221,"column":56}},"116":{"start":{"line":222,"column":2},"end":{"line":225,"column":3}},"117":{"start":{"line":223,"column":4},"end":{"line":223,"column":57}},"118":{"start":{"line":224,"column":4},"end":{"line":224,"column":11}},"119":{"start":{"line":226,"column":2},"end":{"line":229,"column":3}},"120":{"start":{"line":227,"column":4},"end":{"line":227,"column":63}},"121":{"start":{"line":228,"column":4},"end":{"line":228,"column":11}},"122":{"start":{"line":230,"column":2},"end":{"line":237,"column":5}},"123":{"start":{"line":231,"column":4},"end":{"line":236,"column":5}},"124":{"start":{"line":232,"column":6},"end":{"line":232,"column":59}},"125":{"start":{"line":234,"column":6},"end":{"line":234,"column":51}},"126":{"start":{"line":235,"column":6},"end":{"line":235,"column":13}},"127":{"start":{"line":219,"column":13},"end":{"line":219,"column":30}},"128":{"start":{"line":242,"column":21},"end":{"line":287,"column":1}},"129":{"start":{"line":243,"column":20},"end":{"line":243,"column":28}},"130":{"start":{"line":245,"column":2},"end":{"line":286,"column":3}},"131":{"start":{"line":246,"column":19},"end":{"line":249,"column":6}},"132":{"start":{"line":251,"column":20},"end":{"line":251,"column":39}},"133":{"start":{"line":252,"column":4},"end":{"line":255,"column":5}},"134":{"start":{"line":253,"column":7},"end":{"line":253,"column":66}},"135":{"start":{"line":254,"column":7},"end":{"line":254,"column":14}},"136":{"start":{"line":257,"column":37},"end":{"line":257,"column":44}},"137":{"start":{"line":259,"column":15},"end":{"line":259,"column":49}},"138":{"start":{"line":260,"column":4},"end":{"line":267,"column":5}},"139":{"start":{"line":261,"column":6},"end":{"line":266,"column":9}},"140":{"start":{"line":269,"column":19},"end":{"line":269,"column":53}},"141":{"start":{"line":270,"column":4},"end":{"line":273,"column":5}},"142":{"start":{"line":271,"column":7},"end":{"line":271,"column":71}},"143":{"start":{"line":272,"column":7},"end":{"line":272,"column":14}},"144":{"start":{"line":275,"column":4},"end":{"line":283,"column":7}},"145":{"start":{"line":285,"column":4},"end":{"line":285,"column":78}},"146":{"start":{"line":289,"column":0},"end":{"line":289,"column":65}}},"fnMap":{"0":{"name":"(anonymous_1)","decl":{"start":{"line":19,"column":23},"end":{"line":19,"column":24}},"loc":{"start":{"line":19,"column":94},"end":{"line":37,"column":1}}},"1":{"name":"(anonymous_2)","decl":{"start":{"line":38,"column":17},"end":{"line":38,"column":22}},"loc":{"start":{"line":38,"column":55},"end":{"line":98,"column":1}}},"2":{"name":"(anonymous_3)","decl":{"start":{"line":101,"column":14},"end":{"line":101,"column":19}},"loc":{"start":{"line":101,"column":52},"end":{"line":138,"column":1}}},"3":{"name":"(anonymous_4)","decl":{"start":{"line":141,"column":29},"end":{"line":141,"column":30}},"loc":{"start":{"line":141,"column":66},"end":{"line":177,"column":1}}},"4":{"name":"(anonymous_5)","decl":{"start":{"line":142,"column":59},"end":{"line":142,"column":60}},"loc":{"start":{"line":142,"column":79},"end":{"line":176,"column":1}}},"5":{"name":"(anonymous_6)","decl":{"start":{"line":152,"column":60},"end":{"line":152,"column":65}},"loc":{"start":{"line":152,"column":93},"end":{"line":175,"column":3}}},"6":{"name":"(anonymous_7)","decl":{"start":{"line":182,"column":16},"end":{"line":182,"column":21}},"loc":{"start":{"line":182,"column":54},"end":{"line":201,"column":1}}},"7":{"name":"(anonymous_8)","decl":{"start":{"line":191,"column":50},"end":{"line":191,"column":51}},"loc":{"start":{"line":191,"column":61},"end":{"line":191,"column":92}}},"8":{"name":"(anonymous_9)","decl":{"start":{"line":203,"column":15},"end":{"line":203,"column":20}},"loc":{"start":{"line":203,"column":53},"end":{"line":218,"column":1}}},"9":{"name":"(anonymous_10)","decl":{"start":{"line":211,"column":50},"end":{"line":211,"column":51}},"loc":{"start":{"line":211,"column":61},"end":{"line":211,"column":92}}},"10":{"name":"(anonymous_11)","decl":{"start":{"line":219,"column":30},"end":{"line":219,"column":31}},"loc":{"start":{"line":219,"column":82},"end":{"line":238,"column":1}}},"11":{"name":"(anonymous_12)","decl":{"start":{"line":230,"column":53},"end":{"line":230,"column":54}},"loc":{"start":{"line":230,"column":70},"end":{"line":237,"column":3}}},"12":{"name":"(anonymous_13)","decl":{"start":{"line":242,"column":21},"end":{"line":242,"column":26}},"loc":{"start":{"line":242,"column":59},"end":{"line":287,"column":1}}}},"branchMap":{"0":{"loc":{"start":{"line":20,"column":2},"end":{"line":22,"column":3}},"type":"if","locations":[{"start":{"line":20,"column":2},"end":{"line":22,"column":3}}]},"1":{"loc":{"start":{"line":40,"column":23},"end":{"line":40,"column":43}},"type":"binary-expr","locations":[{"start":{"line":40,"column":23},"end":{"line":40,"column":37}},{"start":{"line":40,"column":41},"end":{"line":40,"column":43}}]},"2":{"loc":{"start":{"line":40,"column":23},"end":{"line":40,"column":37}},"type":"cond-expr","locations":[{"start":{"line":40,"column":31},"end":{"line":40,"column":33}},{"start":{"line":40,"column":31},"end":{"line":40,"column":37}}]},"3":{"loc":{"start":{"line":40,"column":23},"end":{"line":40,"column":33}},"type":"binary-expr","locations":[{"start":{"line":40,"column":23},"end":{"line":40,"column":33}},{"start":{"line":40,"column":31},"end":{"line":40,"column":33}}]},"4":{"loc":{"start":{"line":43,"column":2},"end":{"line":46,"column":3}},"type":"if","locations":[{"start":{"line":43,"column":2},"end":{"line":46,"column":3}}]},"5":{"loc":{"start":{"line":43,"column":6},"end":{"line":43,"column":47}},"type":"binary-expr","locations":[{"start":{"line":43,"column":6},"end":{"line":43,"column":15}},{"start":{"line":43,"column":19},"end":{"line":43,"column":47}}]},"6":{"loc":{"start":{"line":47,"column":2},"end":{"line":50,"column":3}},"type":"if","locations":[{"start":{"line":47,"column":2},"end":{"line":50,"column":3}}]},"7":{"loc":{"start":{"line":47,"column":6},"end":{"line":47,"column":41}},"type":"binary-expr","locations":[{"start":{"line":47,"column":6},"end":{"line":47,"column":12}},{"start":{"line":47,"column":16},"end":{"line":47,"column":41}}]},"8":{"loc":{"start":{"line":51,"column":2},"end":{"line":54,"column":3}},"type":"if","locations":[{"start":{"line":51,"column":2},"end":{"line":54,"column":3}}]},"9":{"loc":{"start":{"line":51,"column":6},"end":{"line":51,"column":47}},"type":"binary-expr","locations":[{"start":{"line":51,"column":6},"end":{"line":51,"column":15}},{"start":{"line":51,"column":19},"end":{"line":51,"column":47}}]},"10":{"loc":{"start":{"line":62,"column":4},"end":{"line":69,"column":5}},"type":"if","locations":[{"start":{"line":62,"column":4},"end":{"line":69,"column":5}}]},"11":{"loc":{"start":{"line":64,"column":8},"end":{"line":66,"column":37}},"type":"cond-expr","locations":[{"start":{"line":65,"column":12},"end":{"line":65,"column":34}},{"start":{"line":66,"column":12},"end":{"line":66,"column":37}}]},"12":{"loc":{"start":{"line":106,"column":4},"end":{"line":109,"column":5}},"type":"if","locations":[{"start":{"line":106,"column":4},"end":{"line":109,"column":5}}]},"13":{"loc":{"start":{"line":106,"column":8},"end":{"line":106,"column":42}},"type":"binary-expr","locations":[{"start":{"line":106,"column":9},"end":{"line":106,"column":18}},{"start":{"line":106,"column":22},"end":{"line":106,"column":28}},{"start":{"line":106,"column":33},"end":{"line":106,"column":42}}]},"14":{"loc":{"start":{"line":112,"column":4},"end":{"line":115,"column":5}},"type":"if","locations":[{"start":{"line":112,"column":4},"end":{"line":115,"column":5}}]},"15":{"loc":{"start":{"line":117,"column":4},"end":{"line":120,"column":5}},"type":"if","locations":[{"start":{"line":117,"column":4},"end":{"line":120,"column":5}}]},"16":{"loc":{"start":{"line":123,"column":4},"end":{"line":126,"column":5}},"type":"if","locations":[{"start":{"line":123,"column":4},"end":{"line":126,"column":5}}]},"17":{"loc":{"start":{"line":128,"column":4},"end":{"line":130,"column":5}},"type":"if","locations":[{"start":{"line":128,"column":4},"end":{"line":130,"column":5}}]},"18":{"loc":{"start":{"line":143,"column":4},"end":{"line":146,"column":5}},"type":"if","locations":[{"start":{"line":143,"column":4},"end":{"line":146,"column":5}}]},"19":{"loc":{"start":{"line":147,"column":2},"end":{"line":150,"column":3}},"type":"if","locations":[{"start":{"line":147,"column":2},"end":{"line":150,"column":3}}]},"20":{"loc":{"start":{"line":153,"column":4},"end":{"line":156,"column":5}},"type":"if","locations":[{"start":{"line":153,"column":4},"end":{"line":156,"column":5}}]},"21":{"loc":{"start":{"line":160,"column":6},"end":{"line":163,"column":7}},"type":"if","locations":[{"start":{"line":160,"column":6},"end":{"line":163,"column":7}}]},"22":{"loc":{"start":{"line":165,"column":6},"end":{"line":170,"column":7}},"type":"if","locations":[{"start":{"line":165,"column":6},"end":{"line":170,"column":7}}]},"23":{"loc":{"start":{"line":165,"column":10},"end":{"line":165,"column":73}},"type":"binary-expr","locations":[{"start":{"line":165,"column":10},"end":{"line":165,"column":28}},{"start":{"line":165,"column":32},"end":{"line":165,"column":73}}]},"24":{"loc":{"start":{"line":187,"column":4},"end":{"line":190,"column":5}},"type":"if","locations":[{"start":{"line":187,"column":4},"end":{"line":190,"column":5}}]},"25":{"loc":{"start":{"line":206,"column":4},"end":{"line":209,"column":5}},"type":"if","locations":[{"start":{"line":206,"column":4},"end":{"line":209,"column":5}}]},"26":{"loc":{"start":{"line":221,"column":16},"end":{"line":221,"column":56}},"type":"binary-expr","locations":[{"start":{"line":221,"column":16},"end":{"line":221,"column":27}},{"start":{"line":221,"column":31},"end":{"line":221,"column":56}}]},"27":{"loc":{"start":{"line":222,"column":2},"end":{"line":225,"column":3}},"type":"if","locations":[{"start":{"line":222,"column":2},"end":{"line":225,"column":3}}]},"28":{"loc":{"start":{"line":226,"column":2},"end":{"line":229,"column":3}},"type":"if","locations":[{"start":{"line":226,"column":2},"end":{"line":229,"column":3}}]},"29":{"loc":{"start":{"line":231,"column":4},"end":{"line":236,"column":5}},"type":"if","locations":[{"start":{"line":231,"column":4},"end":{"line":236,"column":5}},{"start":{"line":233,"column":11},"end":{"line":236,"column":5}}]},"30":{"loc":{"start":{"line":252,"column":4},"end":{"line":255,"column":5}},"type":"if","locations":[{"start":{"line":252,"column":4},"end":{"line":255,"column":5}}]},"31":{"loc":{"start":{"line":260,"column":4},"end":{"line":267,"column":5}},"type":"if","locations":[{"start":{"line":260,"column":4},"end":{"line":267,"column":5}}]},"32":{"loc":{"start":{"line":270,"column":4},"end":{"line":273,"column":5}},"type":"if","locations":[{"start":{"line":270,"column":4},"end":{"line":273,"column":5}}]}},"s":{"0":4,"1":4,"2":4,"3":4,"4":4,"5":4,"6":31,"7":1,"8":30,"9":30,"10":30,"11":30,"12":4,"13":38,"14":38,"15":38,"16":1,"17":1,"18":37,"19":2,"20":2,"21":35,"22":1,"23":1,"24":34,"25":34,"26":34,"27":30,"28":30,"29":30,"30":4,"31":4,"32":4,"33":4,"34":4,"35":0,"36":0,"37":4,"38":36,"39":36,"40":36,"41":36,"42":36,"43":1,"44":1,"45":35,"46":35,"47":3,"48":3,"49":32,"50":32,"51":2,"52":2,"53":30,"54":30,"55":1,"56":1,"57":29,"58":0,"59":29,"60":29,"61":29,"62":0,"63":4,"64":5,"65":5,"66":0,"67":0,"68":5,"69":0,"70":0,"71":5,"72":5,"73":2,"74":2,"75":3,"76":3,"77":3,"78":3,"79":0,"80":0,"81":3,"82":1,"83":1,"84":1,"85":1,"86":2,"87":0,"88":4,"89":3,"90":3,"91":1,"92":1,"93":0,"94":0,"95":1,"96":2,"97":1,"98":1,"99":1,"100":2,"101":4,"102":2,"103":2,"104":1,"105":0,"106":0,"107":1,"108":4,"109":1,"110":1,"111":1,"112":1,"113":4,"114":10,"115":10,"116":10,"117":1,"118":1,"119":9,"120":1,"121":1,"122":8,"123":8,"124":1,"125":7,"126":7,"127":4,"128":4,"129":0,"130":0,"131":0,"132":0,"133":0,"134":0,"135":0,"136":0,"137":0,"138":0,"139":0,"140":0,"141":0,"142":0,"143":0,"144":0,"145":0,"146":4},"f":{"0":31,"1":38,"2":36,"3":5,"4":5,"5":5,"6":3,"7":2,"8":2,"9":4,"10":10,"11":8,"12":0},"b":{"0":[1],"1":[38,38],"2":[38,0],"3":[38,38],"4":[1],"5":[38,37],"6":[2],"7":[37,35],"8":[1],"9":[35,34],"10":[30],"11":[29,1],"12":[1],"13":[36,4,36],"14":[3],"15":[2],"16":[1],"17":[0],"18":[0],"19":[0],"20":[2],"21":[0],"22":[1],"23":[3,3],"24":[0],"25":[0],"26":[10,9],"27":[1],"28":[1],"29":[1,7],"30":[0],"31":[0],"32":[0]}}
,"C:\\Users\\dondi\\OneDrive\\שולחן העבודה\\לימודים\\פיתוח אלפיקציות אינטרנטיות\\New folder\\Assignment1\\src\\controllers\\CommentControllers.ts": {"path":"C:\\Users\\dondi\\OneDrive\\שולחן העבודה\\לימודים\\פיתוח אלפיקציות אינטרנטיות\\New folder\\Assignment1\\src\\controllers\\CommentControllers.ts","statementMap":{"0":{"start":{"line":2,"column":0},"end":{"line":2,"column":56}},"1":{"start":{"line":3,"column":0},"end":{"line":3,"column":50}},"2":{"start":{"line":7,"column":4},"end":{"line":7,"column":19}},"3":{"start":{"line":11,"column":19},"end":{"line":11,"column":35}},"4":{"start":{"line":12,"column":4},"end":{"line":12,"column":60}},"5":{"start":{"line":13,"column":4},"end":{"line":13,"column":24}},"6":{"start":{"line":14,"column":4},"end":{"line":25,"column":5}},"7":{"start":{"line":15,"column":30},"end":{"line":15,"column":68}},"8":{"start":{"line":16,"column":6},"end":{"line":22,"column":7}},"9":{"start":{"line":17,"column":8},"end":{"line":17,"column":68}},"10":{"start":{"line":18,"column":8},"end":{"line":18,"column":15}},"11":{"start":{"line":20,"column":8},"end":{"line":20,"column":46}},"12":{"start":{"line":21,"column":8},"end":{"line":21,"column":15}},"13":{"start":{"line":24,"column":6},"end":{"line":24,"column":34}},"14":{"start":{"line":29,"column":22},"end":{"line":29,"column":36}},"15":{"start":{"line":30,"column":23},"end":{"line":30,"column":39}},"16":{"start":{"line":31,"column":4},"end":{"line":47,"column":5}},"17":{"start":{"line":32,"column":30},"end":{"line":35,"column":null}},"18":{"start":{"line":37,"column":6},"end":{"line":43,"column":7}},"19":{"start":{"line":38,"column":8},"end":{"line":38,"column":74}},"20":{"start":{"line":39,"column":8},"end":{"line":39,"column":15}},"21":{"start":{"line":41,"column":8},"end":{"line":41,"column":46}},"22":{"start":{"line":42,"column":8},"end":{"line":42,"column":15}},"23":{"start":{"line":45,"column":6},"end":{"line":45,"column":34}},"24":{"start":{"line":46,"column":6},"end":{"line":46,"column":13}},"25":{"start":{"line":51,"column":22},"end":{"line":51,"column":36}},"26":{"start":{"line":52,"column":4},"end":{"line":66,"column":5}},"27":{"start":{"line":53,"column":25},"end":{"line":55,"column":8}},"28":{"start":{"line":56,"column":6},"end":{"line":62,"column":7}},"29":{"start":{"line":57,"column":8},"end":{"line":57,"column":73}},"30":{"start":{"line":58,"column":8},"end":{"line":58,"column":15}},"31":{"start":{"line":60,"column":8},"end":{"line":60,"column":41}},"32":{"start":{"line":61,"column":8},"end":{"line":61,"column":15}},"33":{"start":{"line":64,"column":6},"end":{"line":64,"column":34}},"34":{"start":{"line":65,"column":6},"end":{"line":65,"column":13}},"35":{"start":{"line":71,"column":0},"end":{"line":71,"column":39}}},"fnMap":{"0":{"name":"(anonymous_1)","decl":{"start":{"line":6,"column":2},"end":{"line":6,"column":null}},"loc":{"start":{"line":6,"column":2},"end":{"line":8,"column":3}}},"1":{"name":"(anonymous_2)","decl":{"start":{"line":10,"column":2},"end":{"line":10,"column":7}},"loc":{"start":{"line":10,"column":58},"end":{"line":26,"column":3}}},"2":{"name":"(anonymous_3)","decl":{"start":{"line":28,"column":2},"end":{"line":28,"column":7}},"loc":{"start":{"line":28,"column":49},"end":{"line":48,"column":3}}},"3":{"name":"(anonymous_4)","decl":{"start":{"line":50,"column":2},"end":{"line":50,"column":7}},"loc":{"start":{"line":50,"column":49},"end":{"line":67,"column":3}}}},"branchMap":{"0":{"loc":{"start":{"line":16,"column":6},"end":{"line":22,"column":7}},"type":"if","locations":[{"start":{"line":16,"column":6},"end":{"line":22,"column":7}},{"start":{"line":19,"column":13},"end":{"line":22,"column":7}}]},"1":{"loc":{"start":{"line":37,"column":6},"end":{"line":43,"column":7}},"type":"if","locations":[{"start":{"line":37,"column":6},"end":{"line":43,"column":7}},{"start":{"line":40,"column":13},"end":{"line":43,"column":7}}]},"2":{"loc":{"start":{"line":56,"column":6},"end":{"line":62,"column":7}},"type":"if","locations":[{"start":{"line":56,"column":6},"end":{"line":62,"column":7}},{"start":{"line":59,"column":13},"end":{"line":62,"column":7}}]}},"s":{"0":4,"1":4,"2":4,"3":2,"4":2,"5":2,"6":2,"7":2,"8":2,"9":1,"10":1,"11":1,"12":1,"13":0,"14":2,"15":2,"16":2,"17":2,"18":2,"19":1,"20":1,"21":1,"22":1,"23":0,"24":0,"25":2,"26":2,"27":2,"28":2,"29":1,"30":1,"31":1,"32":1,"33":0,"34":0,"35":4},"f":{"0":4,"1":2,"2":2,"3":2},"b":{"0":[1,1],"1":[1,1],"2":[1,1]}}
,"C:\\Users\\dondi\\OneDrive\\שולחן העבודה\\לימודים\\פיתוח אלפיקציות אינטרנטיות\\New folder\\Assignment1\\src\\controllers\\PostControllers.ts": {"path":"C:\\Users\\dondi\\OneDrive\\שולחן העבודה\\לימודים\\פיתוח אלפיקציות אינטרנטיות\\New folder\\Assignment1\\src\\controllers\\PostControllers.ts","statementMap":{"0":{"start":{"line":1,"column":0},"end":{"line":1,"column":50}},"1":{"start":{"line":2,"column":0},"end":{"line":2,"column":47}},"2":{"start":{"line":8,"column":4},"end":{"line":8,"column":17}},"3":{"start":{"line":13,"column":20},"end":{"line":13,"column":34}},"4":{"start":{"line":14,"column":21},"end":{"line":14,"column":35}},"5":{"start":{"line":15,"column":23},"end":{"line":15,"column":39}},"6":{"start":{"line":16,"column":4},"end":{"line":36,"column":5}},"7":{"start":{"line":17,"column":27},"end":{"line":20,"column":null}},"8":{"start":{"line":22,"column":6},"end":{"line":25,"column":7}},"9":{"start":{"line":23,"column":8},"end":{"line":23,"column":45}},"10":{"start":{"line":24,"column":8},"end":{"line":24,"column":15}},"11":{"start":{"line":26,"column":6},"end":{"line":32,"column":7}},"12":{"start":{"line":27,"column":8},"end":{"line":27,"column":52}},"13":{"start":{"line":28,"column":8},"end":{"line":28,"column":15}},"14":{"start":{"line":30,"column":8},"end":{"line":30,"column":43}},"15":{"start":{"line":31,"column":8},"end":{"line":31,"column":15}},"16":{"start":{"line":34,"column":6},"end":{"line":34,"column":34}},"17":{"start":{"line":35,"column":6},"end":{"line":35,"column":13}},"18":{"start":{"line":40,"column":19},"end":{"line":40,"column":32}},"19":{"start":{"line":41,"column":4},"end":{"line":44,"column":5}},"20":{"start":{"line":42,"column":8},"end":{"line":42,"column":45}},"21":{"start":{"line":43,"column":8},"end":{"line":43,"column":15}},"22":{"start":{"line":46,"column":17},"end":{"line":50,"column":6}},"23":{"start":{"line":52,"column":4},"end":{"line":55,"column":5}},"24":{"start":{"line":53,"column":8},"end":{"line":53,"column":45}},"25":{"start":{"line":54,"column":8},"end":{"line":54,"column":15}},"26":{"start":{"line":57,"column":4},"end":{"line":57,"column":20}},"27":{"start":{"line":58,"column":4},"end":{"line":58,"column":34}},"28":{"start":{"line":64,"column":0},"end":{"line":64,"column":40}}},"fnMap":{"0":{"name":"(anonymous_1)","decl":{"start":{"line":7,"column":2},"end":{"line":7,"column":14}},"loc":{"start":{"line":7,"column":25},"end":{"line":9,"column":3}}},"1":{"name":"(anonymous_2)","decl":{"start":{"line":12,"column":2},"end":{"line":12,"column":7}},"loc":{"start":{"line":12,"column":46},"end":{"line":37,"column":3}}},"2":{"name":"(anonymous_3)","decl":{"start":{"line":39,"column":2},"end":{"line":39,"column":7}},"loc":{"start":{"line":39,"column":42},"end":{"line":59,"column":1}}}},"branchMap":{"0":{"loc":{"start":{"line":22,"column":6},"end":{"line":25,"column":7}},"type":"if","locations":[{"start":{"line":22,"column":6},"end":{"line":25,"column":7}}]},"1":{"loc":{"start":{"line":22,"column":9},"end":{"line":22,"column":33}},"type":"binary-expr","locations":[{"start":{"line":22,"column":9},"end":{"line":22,"column":18}},{"start":{"line":22,"column":22},"end":{"line":22,"column":33}}]},"2":{"loc":{"start":{"line":26,"column":6},"end":{"line":32,"column":7}},"type":"if","locations":[{"start":{"line":26,"column":6},"end":{"line":32,"column":7}},{"start":{"line":29,"column":13},"end":{"line":32,"column":7}}]},"3":{"loc":{"start":{"line":40,"column":19},"end":{"line":40,"column":32}},"type":"cond-expr","locations":[{"start":{"line":40,"column":27},"end":{"line":40,"column":29}},{"start":{"line":40,"column":27},"end":{"line":40,"column":32}}]},"4":{"loc":{"start":{"line":40,"column":19},"end":{"line":40,"column":29}},"type":"binary-expr","locations":[{"start":{"line":40,"column":19},"end":{"line":40,"column":29}},{"start":{"line":40,"column":27},"end":{"line":40,"column":29}}]},"5":{"loc":{"start":{"line":41,"column":4},"end":{"line":44,"column":5}},"type":"if","locations":[{"start":{"line":41,"column":4},"end":{"line":44,"column":5}}]},"6":{"loc":{"start":{"line":52,"column":4},"end":{"line":55,"column":5}},"type":"if","locations":[{"start":{"line":52,"column":4},"end":{"line":55,"column":5}}]},"7":{"loc":{"start":{"line":52,"column":8},"end":{"line":52,"column":51}},"type":"binary-expr","locations":[{"start":{"line":52,"column":8},"end":{"line":52,"column":19}},{"start":{"line":52,"column":23},"end":{"line":52,"column":36}},{"start":{"line":52,"column":40},"end":{"line":52,"column":51}}]}},"s":{"0":4,"1":4,"2":4,"3":3,"4":3,"5":3,"6":3,"7":3,"8":3,"9":1,"10":1,"11":2,"12":1,"13":1,"14":1,"15":1,"16":0,"17":0,"18":3,"19":3,"20":0,"21":0,"22":3,"23":3,"24":1,"25":1,"26":2,"27":2,"28":4},"f":{"0":4,"1":3,"2":3},"b":{"0":[1],"1":[3,3],"2":[1,1],"3":[0,3],"4":[3,3],"5":[0],"6":[1],"7":[3,3,2]}}
,"C:\\Users\\dondi\\OneDrive\\שולחן העבודה\\לימודים\\פיתוח אלפיקציות אינטרנטיות\\New folder\\Assignment1\\src\\controllers\\baseController.ts": {"path":"C:\\Users\\dondi\\OneDrive\\שולחן העבודה\\לימודים\\פיתוח אלפיקציות אינטרנטיות\\New folder\\Assignment1\\src\\controllers\\baseController.ts","statementMap":{"0":{"start":{"line":7,"column":6},"end":{"line":7,"column":25}},"1":{"start":{"line":11,"column":6},"end":{"line":23,"column":7}},"2":{"start":{"line":12,"column":24},"end":{"line":12,"column":57}},"3":{"start":{"line":13,"column":8},"end":{"line":19,"column":9}},"4":{"start":{"line":14,"column":10},"end":{"line":14,"column":62}},"5":{"start":{"line":15,"column":10},"end":{"line":15,"column":17}},"6":{"start":{"line":17,"column":10},"end":{"line":17,"column":40}},"7":{"start":{"line":18,"column":10},"end":{"line":18,"column":17}},"8":{"start":{"line":21,"column":8},"end":{"line":21,"column":36}},"9":{"start":{"line":22,"column":8},"end":{"line":22,"column":15}},"10":{"start":{"line":27,"column":6},"end":{"line":27,"column":50}},"11":{"start":{"line":28,"column":26},"end":{"line":28,"column":41}},"12":{"start":{"line":29,"column":6},"end":{"line":29,"column":47}},"13":{"start":{"line":30,"column":6},"end":{"line":47,"column":7}},"14":{"start":{"line":31,"column":8},"end":{"line":43,"column":9}},"15":{"start":{"line":32,"column":24},"end":{"line":32,"column":69}},"16":{"start":{"line":33,"column":10},"end":{"line":36,"column":11}},"17":{"start":{"line":34,"column":12},"end":{"line":34,"column":71}},"18":{"start":{"line":35,"column":12},"end":{"line":35,"column":19}},"19":{"start":{"line":37,"column":10},"end":{"line":37,"column":38}},"20":{"start":{"line":38,"column":10},"end":{"line":38,"column":17}},"21":{"start":{"line":40,"column":24},"end":{"line":40,"column":47}},"22":{"start":{"line":41,"column":10},"end":{"line":41,"column":38}},"23":{"start":{"line":42,"column":10},"end":{"line":42,"column":17}},"24":{"start":{"line":45,"column":8},"end":{"line":45,"column":27}},"25":{"start":{"line":46,"column":8},"end":{"line":46,"column":36}},"26":{"start":{"line":52,"column":22},"end":{"line":52,"column":36}},"27":{"start":{"line":54,"column":6},"end":{"line":67,"column":7}},"28":{"start":{"line":55,"column":21},"end":{"line":55,"column":55}},"29":{"start":{"line":57,"column":8},"end":{"line":63,"column":9}},"30":{"start":{"line":58,"column":10},"end":{"line":58,"column":63}},"31":{"start":{"line":59,"column":10},"end":{"line":59,"column":17}},"32":{"start":{"line":61,"column":10},"end":{"line":61,"column":37}},"33":{"start":{"line":62,"column":10},"end":{"line":62,"column":17}},"34":{"start":{"line":65,"column":8},"end":{"line":65,"column":36}},"35":{"start":{"line":66,"column":8},"end":{"line":66,"column":15}},"36":{"start":{"line":4,"column":0},"end":{"line":4,"column":13}},"37":{"start":{"line":70,"column":27},"end":{"line":72,"column":3}},"38":{"start":{"line":71,"column":4},"end":{"line":71,"column":37}},"39":{"start":{"line":74,"column":2},"end":{"line":74,"column":34}}},"fnMap":{"0":{"name":"(anonymous_0)","decl":{"start":{"line":6,"column":4},"end":{"line":6,"column":16}},"loc":{"start":{"line":6,"column":31},"end":{"line":8,"column":5}}},"1":{"name":"(anonymous_1)","decl":{"start":{"line":10,"column":4},"end":{"line":10,"column":9}},"loc":{"start":{"line":10,"column":44},"end":{"line":24,"column":5}}},"2":{"name":"(anonymous_2)","decl":{"start":{"line":26,"column":4},"end":{"line":26,"column":9}},"loc":{"start":{"line":26,"column":44},"end":{"line":48,"column":5}}},"3":{"name":"(anonymous_3)","decl":{"start":{"line":51,"column":4},"end":{"line":51,"column":9}},"loc":{"start":{"line":51,"column":45},"end":{"line":68,"column":5}}},"4":{"name":"(anonymous_4)","decl":{"start":{"line":70,"column":27},"end":{"line":70,"column":31}},"loc":{"start":{"line":70,"column":50},"end":{"line":72,"column":3}}}},"branchMap":{"0":{"loc":{"start":{"line":13,"column":8},"end":{"line":19,"column":9}},"type":"if","locations":[{"start":{"line":13,"column":8},"end":{"line":19,"column":9}},{"start":{"line":16,"column":15},"end":{"line":19,"column":9}}]},"1":{"loc":{"start":{"line":31,"column":8},"end":{"line":43,"column":9}},"type":"if","locations":[{"start":{"line":31,"column":8},"end":{"line":43,"column":9}},{"start":{"line":39,"column":15},"end":{"line":43,"column":9}}]},"2":{"loc":{"start":{"line":33,"column":10},"end":{"line":36,"column":11}},"type":"if","locations":[{"start":{"line":33,"column":10},"end":{"line":36,"column":11}}]},"3":{"loc":{"start":{"line":57,"column":8},"end":{"line":63,"column":9}},"type":"if","locations":[{"start":{"line":57,"column":8},"end":{"line":63,"column":9}},{"start":{"line":60,"column":15},"end":{"line":63,"column":9}}]}},"s":{"0":8,"1":5,"2":5,"3":3,"4":0,"5":0,"6":3,"7":3,"8":2,"9":2,"10":6,"11":6,"12":6,"13":6,"14":6,"15":2,"16":2,"17":1,"18":1,"19":1,"20":1,"21":4,"22":4,"23":4,"24":0,"25":0,"26":4,"27":4,"28":4,"29":3,"30":1,"31":1,"32":2,"33":2,"34":1,"35":1,"36":4,"37":4,"38":0,"39":4},"f":{"0":8,"1":5,"2":6,"3":4,"4":0},"b":{"0":[0,3],"1":[2,4],"2":[1],"3":[1,2]}}
,"C:\\Users\\dondi\\OneDrive\\שולחן העבודה\\לימודים\\פיתוח אלפיקציות אינטרנטיות\\New folder\\Assignment1\\src\\middlewares\\uploadMiddleware.ts": {"path":"C:\\Users\\dondi\\OneDrive\\שולחן העבודה\\לימודים\\פיתוח אלפיקציות אינטרנטיות\\New folder\\Assignment1\\src\\middlewares\\uploadMiddleware.ts","statementMap":{"0":{"start":{"line":1,"column":0},"end":{"line":1,"column":28}},"1":{"start":{"line":4,"column":16},"end":{"line":11,"column":2}},"2":{"start":{"line":6,"column":4},"end":{"line":6,"column":25}},"3":{"start":{"line":9,"column":4},"end":{"line":9,"column":51}},"4":{"start":{"line":13,"column":19},"end":{"line":20,"column":1}},"5":{"start":{"line":14,"column":23},"end":{"line":14,"column":63}},"6":{"start":{"line":15,"column":2},"end":{"line":19,"column":3}},"7":{"start":{"line":16,"column":4},"end":{"line":16,"column":19}},"8":{"start":{"line":18,"column":4},"end":{"line":18,"column":78}},"9":{"start":{"line":22,"column":13},"end":{"line":22,"column":54}}},"fnMap":{"0":{"name":"(anonymous_1)","decl":{"start":{"line":5,"column":15},"end":{"line":5,"column":16}},"loc":{"start":{"line":5,"column":33},"end":{"line":7,"column":3}}},"1":{"name":"(anonymous_2)","decl":{"start":{"line":8,"column":12},"end":{"line":8,"column":13}},"loc":{"start":{"line":8,"column":30},"end":{"line":10,"column":3}}},"2":{"name":"(anonymous_3)","decl":{"start":{"line":13,"column":19},"end":{"line":13,"column":20}},"loc":{"start":{"line":13,"column":52},"end":{"line":20,"column":1}}}},"branchMap":{"0":{"loc":{"start":{"line":15,"column":2},"end":{"line":19,"column":3}},"type":"if","locations":[{"start":{"line":15,"column":2},"end":{"line":19,"column":3}},{"start":{"line":17,"column":9},"end":{"line":19,"column":3}}]}},"s":{"0":4,"1":4,"2":0,"3":0,"4":4,"5":0,"6":0,"7":0,"8":0,"9":4},"f":{"0":0,"1":0,"2":0},"b":{"0":[0,0]}}
,"C:\\Users\\dondi\\OneDrive\\שולחן העבודה\\לימודים\\פיתוח אלפיקציות אינטרנטיות\\New folder\\Assignment1\\src\\models\\AuthModel.ts": {"path":"C:\\Users\\dondi\\OneDrive\\שולחן העבודה\\לימודים\\פיתוח אלפיקציות אינטרנטיות\\New folder\\Assignment1\\src\\models\\AuthModel.ts","statementMap":{"0":{"start":{"line":1,"column":0},"end":{"line":1,"column":54}},"1":{"start":{"line":11,"column":27},"end":{"line":19,"column":null}},"2":{"start":{"line":22,"column":0},"end":{"line":22,"column":57}}},"fnMap":{},"branchMap":{},"s":{"0":4,"1":4,"2":4},"f":{},"b":{}}
,"C:\\Users\\dondi\\OneDrive\\שולחן העבודה\\לימודים\\פיתוח אלפיקציות אינטרנטיות\\New folder\\Assignment1\\src\\models\\CommentModel.ts": {"path":"C:\\Users\\dondi\\OneDrive\\שולחן העבודה\\לימודים\\פיתוח אלפיקציות אינטרנטיות\\New folder\\Assignment1\\src\\models\\CommentModel.ts","statementMap":{"0":{"start":{"line":1,"column":0},"end":{"line":1,"column":32}},"1":{"start":{"line":9,"column":24},"end":{"line":16,"column":null}},"2":{"start":{"line":18,"column":15},"end":{"line":18,"column":68}},"3":{"start":{"line":19,"column":0},"end":{"line":19,"column":23}}},"fnMap":{},"branchMap":{},"s":{"0":4,"1":4,"2":4,"3":4},"f":{},"b":{}}
,"C:\\Users\\dondi\\OneDrive\\שולחן העבודה\\לימודים\\פיתוח אלפיקציות אינטרנטיות\\New folder\\Assignment1\\src\\models\\PostModel.ts": {"path":"C:\\Users\\dondi\\OneDrive\\שולחן העבודה\\לימודים\\פיתוח אלפיקציות אינטרנטיות\\New folder\\Assignment1\\src\\models\\PostModel.ts","statementMap":{"0":{"start":{"line":1,"column":0},"end":{"line":1,"column":61}},"1":{"start":{"line":9,"column":19},"end":{"line":14,"column":null}},"2":{"start":{"line":17,"column":13},"end":{"line":17,"column":55}},"3":{"start":{"line":19,"column":0},"end":{"line":19,"column":20}}},"fnMap":{},"branchMap":{},"s":{"0":4,"1":4,"2":4,"3":4},"f":{},"b":{}}
}
