TN:
SF:src\server.ts
FN:31,(anonymous_1)
FN:32,(anonymous_2)
FN:35,(anonymous_3)
FN:39,(anonymous_4)
FN:51,(anonymous_5)
FN:54,(anonymous_6)
FNF:6
FNH:5
FNDA:6,(anonymous_1)
FNDA:6,(anonymous_2)
FNDA:0,(anonymous_3)
FNDA:3,(anonymous_4)
FNDA:4,(anonymous_5)
FNDA:1,(anonymous_6)
DA:1,4
DA:2,4
DA:3,4
DA:4,4
DA:5,4
DA:6,4
DA:7,4
DA:9,4
DA:10,4
DA:12,4
DA:13,4
DA:14,4
DA:15,4
DA:16,4
DA:18,4
DA:31,4
DA:32,6
DA:33,6
DA:35,6
DA:36,0
DA:39,6
DA:40,3
DA:43,6
DA:44,1
DA:46,1
DA:47,1
DA:49,5
DA:52,4
DA:55,1
DA:62,4
LF:30
LH:29
BRDA:43,0,0,1
BRDA:43,0,1,5
BRF:2
BRH:2
end_of_record
TN:
SF:src\Routes\AuthRoutes.ts
FN:11,(anonymous_10)
FNF:1
FNH:1
FNDA:1,(anonymous_10)
DA:1,4
DA:2,4
DA:3,4
DA:5,4
DA:6,4
DA:7,4
DA:8,4
DA:11,4
DA:12,1
DA:16,4
LF:10
LH:10
BRF:0
BRH:0
end_of_record
TN:
SF:src\Routes\CommentRoutes.ts
FN:7,(anonymous_1)
FN:15,(anonymous_2)
FN:18,(anonymous_3)
FN:24,(anonymous_4)
FNF:4
FNH:4
FNDA:4,(anonymous_1)
FNDA:2,(anonymous_2)
FNDA:3,(anonymous_3)
FNDA:2,(anonymous_4)
DA:1,4
DA:2,4
DA:4,4
DA:7,4
DA:8,4
DA:9,4
DA:10,2
DA:12,2
DA:15,4
DA:16,2
DA:18,4
DA:19,3
DA:22,4
DA:24,4
DA:25,2
DA:30,4
LF:16
LH:16
BRDA:9,0,0,2
BRDA:9,0,1,2
BRF:2
BRH:2
end_of_record
TN:
SF:src\Routes\PostsRoutes.ts
FN:6,(anonymous_1)
FN:11,(anonymous_2)
FNF:2
FNH:2
FNDA:3,(anonymous_1)
FNDA:2,(anonymous_2)
DA:1,4
DA:2,4
DA:3,4
DA:4,4
DA:6,4
DA:7,3
DA:9,4
DA:11,4
DA:12,2
DA:14,4
DA:18,4
LF:11
LH:11
BRF:0
BRH:0
end_of_record
TN:
SF:src\controllers\AuthControllers.ts
FN:15,(anonymous_1)
FN:35,(anonymous_2)
FN:74,(anonymous_3)
FN:114,(anonymous_4)
FN:115,(anonymous_5)
FN:125,(anonymous_6)
FN:155,(anonymous_7)
FN:164,(anonymous_8)
FN:176,(anonymous_9)
FN:184,(anonymous_10)
FN:192,(anonymous_11)
FN:203,(anonymous_12)
FNF:12
FNH:12
FNDA:31,(anonymous_1)
FNDA:38,(anonymous_2)
FNDA:36,(anonymous_3)
FNDA:5,(anonymous_4)
FNDA:5,(anonymous_5)
FNDA:5,(anonymous_6)
FNDA:3,(anonymous_7)
FNDA:2,(anonymous_8)
FNDA:2,(anonymous_9)
FNDA:4,(anonymous_10)
FNDA:10,(anonymous_11)
FNDA:8,(anonymous_12)
DA:2,4
DA:3,4
DA:4,4
DA:15,4
DA:16,31
DA:17,1
DA:19,30
DA:20,30
DA:26,30
DA:32,30
DA:35,4
DA:36,38
DA:38,38
DA:39,4
DA:40,4
DA:42,34
DA:43,34
DA:44,34
DA:46,29
DA:49,29
DA:50,29
DA:53,5
DA:54,5
DA:56,5
DA:61,5
DA:66,5
DA:68,0
DA:69,0
DA:70,0
DA:74,4
DA:75,36
DA:76,36
DA:77,36
DA:78,36
DA:79,36
DA:80,1
DA:81,1
DA:84,35
DA:85,35
DA:86,3
DA:87,3
DA:89,32
DA:90,32
DA:91,2
DA:92,2
DA:95,30
DA:96,30
DA:97,1
DA:98,1
DA:101,29
DA:102,0
DA:104,29
DA:105,29
DA:106,29
DA:108,0
DA:114,4
DA:115,5
DA:116,5
DA:117,0
DA:118,0
DA:120,5
DA:121,0
DA:122,0
DA:125,5
DA:126,5
DA:127,2
DA:128,2
DA:130,3
DA:131,3
DA:132,3
DA:133,3
DA:134,0
DA:135,0
DA:138,3
DA:139,1
DA:140,1
DA:141,1
DA:142,1
DA:144,2
DA:146,0
DA:155,4
DA:156,3
DA:157,3
DA:159,1
DA:160,1
DA:161,0
DA:162,0
DA:164,2
DA:165,1
DA:166,1
DA:167,1
DA:172,2
DA:176,4
DA:177,2
DA:178,2
DA:179,1
DA:180,0
DA:181,0
DA:184,4
DA:185,1
DA:186,1
DA:188,1
DA:189,1
DA:192,4
DA:193,10
DA:194,10
DA:195,10
DA:196,1
DA:197,1
DA:199,9
DA:200,1
DA:201,1
DA:203,8
DA:204,8
DA:205,1
DA:207,7
DA:208,7
DA:214,4
LF:118
LH:102
BRDA:16,0,0,1
BRDA:38,1,0,4
BRDA:38,2,0,38
BRDA:38,2,1,37
BRDA:38,2,2,35
BRDA:44,3,0,29
BRDA:46,4,0,28
BRDA:46,4,1,1
BRDA:79,5,0,1
BRDA:79,6,0,36
BRDA:79,6,1,4
BRDA:79,6,2,36
BRDA:85,7,0,3
BRDA:90,8,0,2
BRDA:96,9,0,1
BRDA:101,10,0,0
BRDA:116,11,0,0
BRDA:120,12,0,0
BRDA:126,13,0,2
BRDA:133,14,0,0
BRDA:138,15,0,1
BRDA:138,16,0,3
BRDA:138,16,1,3
BRDA:160,17,0,0
BRDA:179,18,0,0
BRDA:194,19,0,10
BRDA:194,19,1,9
BRDA:195,20,0,1
BRDA:199,21,0,1
BRDA:204,22,0,1
BRDA:204,22,1,7
BRF:31
BRH:25
end_of_record
TN:
SF:src\controllers\CommentControllers.ts
FN:6,(anonymous_1)
FN:10,(anonymous_2)
FN:28,(anonymous_3)
FN:50,(anonymous_4)
FNF:4
FNH:4
FNDA:4,(anonymous_1)
FNDA:2,(anonymous_2)
FNDA:2,(anonymous_3)
FNDA:2,(anonymous_4)
DA:2,4
DA:3,4
DA:7,4
DA:11,2
DA:12,2
DA:13,2
DA:14,2
DA:15,2
DA:16,2
DA:17,1
DA:18,1
DA:20,1
DA:21,1
DA:24,0
DA:29,2
DA:30,2
DA:31,2
DA:32,2
DA:37,2
DA:38,1
DA:39,1
DA:41,1
DA:42,1
DA:45,0
DA:46,0
DA:51,2
DA:52,2
DA:53,2
DA:56,2
DA:57,1
DA:58,1
DA:60,1
DA:61,1
DA:64,0
DA:65,0
DA:71,4
LF:36
LH:31
BRDA:16,0,0,1
BRDA:16,0,1,1
BRDA:37,1,0,1
BRDA:37,1,1,1
BRDA:56,2,0,1
BRDA:56,2,1,1
BRF:6
BRH:6
end_of_record
TN:
SF:src\controllers\PostControllers.ts
FN:7,(anonymous_1)
FN:12,(anonymous_2)
FN:39,(anonymous_3)
FNF:3
FNH:3
FNDA:4,(anonymous_1)
FNDA:3,(anonymous_2)
FNDA:3,(anonymous_3)
DA:1,4
DA:2,4
DA:8,4
DA:13,3
DA:14,3
DA:15,3
DA:16,3
DA:17,3
DA:22,3
DA:23,1
DA:24,1
DA:26,2
DA:27,1
DA:28,1
DA:30,1
DA:31,1
DA:34,0
DA:35,0
DA:40,3
DA:41,3
DA:42,0
DA:43,0
DA:46,3
DA:52,3
DA:53,1
DA:54,1
DA:57,2
DA:58,2
DA:64,4
LF:29
LH:25
BRDA:22,0,0,1
BRDA:22,1,0,3
BRDA:22,1,1,3
BRDA:26,2,0,1
BRDA:26,2,1,1
BRDA:40,3,0,0
BRDA:40,3,1,3
BRDA:40,4,0,3
BRDA:40,4,1,3
BRDA:41,5,0,0
BRDA:52,6,0,1
BRDA:52,7,0,3
BRDA:52,7,1,3
BRDA:52,7,2,2
BRF:14
BRH:12
end_of_record
TN:
SF:src\controllers\baseController.ts
FN:6,(anonymous_0)
FN:10,(anonymous_1)
FN:26,(anonymous_2)
FN:51,(anonymous_3)
FN:70,(anonymous_4)
FNF:5
FNH:4
FNDA:8,(anonymous_0)
FNDA:5,(anonymous_1)
FNDA:6,(anonymous_2)
FNDA:4,(anonymous_3)
FNDA:0,(anonymous_4)
DA:4,4
DA:7,8
DA:11,5
DA:12,5
DA:13,3
DA:14,0
DA:15,0
DA:17,3
DA:18,3
DA:21,2
DA:22,2
DA:27,6
DA:28,6
DA:29,6
DA:30,6
DA:31,6
DA:32,2
DA:33,2
DA:34,1
DA:35,1
DA:37,1
DA:38,1
DA:40,4
DA:41,4
DA:42,4
DA:45,0
DA:46,0
DA:52,4
DA:54,4
DA:55,4
DA:57,3
DA:58,1
DA:59,1
DA:61,2
DA:62,2
DA:65,1
DA:66,1
DA:70,4
DA:71,0
DA:74,4
LF:40
LH:35
BRDA:13,0,0,0
BRDA:13,0,1,3
BRDA:31,1,0,2
BRDA:31,1,1,4
BRDA:33,2,0,1
BRDA:57,3,0,1
BRDA:57,3,1,2
BRF:7
BRH:6
end_of_record
TN:
SF:src\models\AuthModel.ts
FNF:0
FNH:0
DA:1,4
DA:10,4
DA:20,4
LF:3
LH:3
BRF:0
BRH:0
end_of_record
TN:
SF:src\models\CommentModel.ts
FNF:0
FNH:0
DA:1,4
DA:9,4
DA:18,4
DA:19,4
LF:4
LH:4
BRF:0
BRH:0
end_of_record
TN:
SF:src\models\PostModel.ts
FNF:0
FNH:0
DA:1,4
DA:9,4
DA:17,4
DA:19,4
LF:4
LH:4
BRF:0
BRH:0
end_of_record
