TN:
SF:src\server.ts
FN:37,(anonymous_1)
FN:38,(anonymous_2)
FN:41,(anonymous_3)
FN:45,(anonymous_4)
FN:56,(anonymous_5)
FN:59,(anonymous_6)
FNF:6
FNH:5
FNDA:6,(anonymous_1)
FNDA:6,(anonymous_2)
FNDA:0,(anonymous_3)
FNDA:3,(anonymous_4)
FNDA:4,(anonymous_5)
FNDA:1,(anonymous_6)
DA:1,4
DA:2,4
DA:3,4
DA:4,4
DA:5,4
DA:6,4
DA:7,4
DA:8,4
DA:9,4
DA:11,4
DA:12,4
DA:14,4
DA:15,4
DA:16,4
DA:17,4
DA:18,4
DA:20,4
DA:32,4
DA:33,4
DA:37,4
DA:38,6
DA:39,6
DA:41,6
DA:42,0
DA:45,6
DA:46,3
DA:49,6
DA:50,1
DA:51,1
DA:52,1
DA:54,5
DA:57,4
DA:60,1
DA:67,4
LF:34
LH:33
BRDA:49,0,0,1
BRDA:49,0,1,5
BRF:2
BRH:2
end_of_record
TN:
SF:src\Routes\AuthRoutes.ts
FN:214,(anonymous_10)
FNF:1
FNH:1
FNDA:1,(anonymous_10)
DA:1,4
DA:2,4
DA:3,4
DA:4,4
DA:72,4
DA:113,4
DA:138,4
DA:172,4
DA:196,4
DA:214,4
DA:215,1
DA:218,4
LF:12
LH:12
BRF:0
BRH:0
end_of_record
TN:
SF:src\Routes\CommentRoutes.ts
FN:64,(anonymous_1)
FN:97,(anonymous_2)
FN:124,(anonymous_3)
FN:184,(anonymous_4)
FNF:4
FNH:4
FNDA:4,(anonymous_1)
FNDA:2,(anonymous_2)
FNDA:3,(anonymous_3)
FNDA:2,(anonymous_4)
DA:1,4
DA:2,4
DA:4,4
DA:64,4
DA:65,4
DA:66,4
DA:67,2
DA:69,2
DA:97,4
DA:98,2
DA:124,4
DA:125,3
DA:162,4
DA:184,4
DA:185,2
DA:188,4
LF:16
LH:16
BRDA:66,0,0,2
BRDA:66,0,1,2
BRF:2
BRH:2
end_of_record
TN:
SF:src\Routes\PostsRoutes.ts
FN:66,(anonymous_1)
FN:115,(anonymous_2)
FNF:2
FNH:2
FNDA:3,(anonymous_1)
FNDA:2,(anonymous_2)
DA:1,4
DA:2,4
DA:3,4
DA:4,4
DA:66,4
DA:67,3
DA:89,4
DA:115,4
DA:116,2
DA:162,4
DA:164,4
LF:11
LH:11
BRF:0
BRH:0
end_of_record
TN:
SF:src\controllers\AuthControllers.ts
FN:19,(anonymous_1)
FN:38,(anonymous_2)
FN:101,(anonymous_3)
FN:141,(anonymous_4)
FN:142,(anonymous_5)
FN:152,(anonymous_6)
FN:182,(anonymous_7)
FN:191,(anonymous_8)
FN:203,(anonymous_9)
FN:211,(anonymous_10)
FN:219,(anonymous_11)
FN:230,(anonymous_12)
FN:242,(anonymous_13)
FNF:13
FNH:12
FNDA:31,(anonymous_1)
FNDA:38,(anonymous_2)
FNDA:36,(anonymous_3)
FNDA:5,(anonymous_4)
FNDA:5,(anonymous_5)
FNDA:5,(anonymous_6)
FNDA:3,(anonymous_7)
FNDA:2,(anonymous_8)
FNDA:2,(anonymous_9)
FNDA:4,(anonymous_10)
FNDA:10,(anonymous_11)
FNDA:8,(anonymous_12)
FNDA:0,(anonymous_13)
DA:2,4
DA:3,4
DA:4,4
DA:7,4
DA:9,4
DA:19,4
DA:20,31
DA:21,1
DA:23,30
DA:24,30
DA:30,30
DA:36,30
DA:38,4
DA:39,38
DA:40,38
DA:43,38
DA:44,1
DA:45,1
DA:47,37
DA:48,2
DA:49,2
DA:51,35
DA:52,1
DA:53,1
DA:56,34
DA:58,34
DA:62,34
DA:64,30
DA:67,30
DA:68,30
DA:72,4
DA:73,4
DA:76,4
DA:84,4
DA:93,4
DA:95,0
DA:96,0
DA:101,4
DA:102,36
DA:103,36
DA:104,36
DA:105,36
DA:106,36
DA:107,1
DA:108,1
DA:111,35
DA:112,35
DA:113,3
DA:114,3
DA:116,32
DA:117,32
DA:118,2
DA:119,2
DA:122,30
DA:123,30
DA:124,1
DA:125,1
DA:128,29
DA:129,0
DA:131,29
DA:132,29
DA:133,29
DA:135,0
DA:141,4
DA:142,5
DA:143,5
DA:144,0
DA:145,0
DA:147,5
DA:148,0
DA:149,0
DA:152,5
DA:153,5
DA:154,2
DA:155,2
DA:157,3
DA:158,3
DA:159,3
DA:160,3
DA:161,0
DA:162,0
DA:165,3
DA:166,1
DA:167,1
DA:168,1
DA:169,1
DA:171,2
DA:173,0
DA:182,4
DA:183,3
DA:184,3
DA:186,1
DA:187,1
DA:188,0
DA:189,0
DA:191,2
DA:192,1
DA:193,1
DA:194,1
DA:199,2
DA:203,4
DA:204,2
DA:205,2
DA:206,1
DA:207,0
DA:208,0
DA:211,4
DA:212,1
DA:213,1
DA:215,1
DA:216,1
DA:219,4
DA:220,10
DA:221,10
DA:222,10
DA:223,1
DA:224,1
DA:226,9
DA:227,1
DA:228,1
DA:230,8
DA:231,8
DA:232,1
DA:234,7
DA:235,7
DA:242,4
DA:243,0
DA:245,0
DA:246,0
DA:251,0
DA:252,0
DA:253,0
DA:254,0
DA:257,0
DA:259,0
DA:260,0
DA:261,0
DA:269,0
DA:270,0
DA:271,0
DA:272,0
DA:275,0
DA:285,0
DA:289,4
LF:144
LH:112
BRDA:20,0,0,1
BRDA:40,1,0,38
BRDA:40,1,1,38
BRDA:40,2,0,38
BRDA:40,2,1,0
BRDA:40,3,0,38
BRDA:40,3,1,38
BRDA:43,4,0,1
BRDA:43,5,0,38
BRDA:43,5,1,37
BRDA:47,6,0,2
BRDA:47,7,0,37
BRDA:47,7,1,35
BRDA:51,8,0,1
BRDA:51,9,0,35
BRDA:51,9,1,34
BRDA:62,10,0,30
BRDA:64,11,0,29
BRDA:64,11,1,1
BRDA:106,12,0,1
BRDA:106,13,0,36
BRDA:106,13,1,4
BRDA:106,13,2,36
BRDA:112,14,0,3
BRDA:117,15,0,2
BRDA:123,16,0,1
BRDA:128,17,0,0
BRDA:143,18,0,0
BRDA:147,19,0,0
BRDA:153,20,0,2
BRDA:160,21,0,0
BRDA:165,22,0,1
BRDA:165,23,0,3
BRDA:165,23,1,3
BRDA:187,24,0,0
BRDA:206,25,0,0
BRDA:221,26,0,10
BRDA:221,26,1,9
BRDA:222,27,0,1
BRDA:226,28,0,1
BRDA:231,29,0,1
BRDA:231,29,1,7
BRDA:252,30,0,0
BRDA:260,31,0,0
BRDA:270,32,0,0
BRF:45
BRH:35
end_of_record
TN:
SF:src\controllers\CommentControllers.ts
FN:6,(anonymous_1)
FN:10,(anonymous_2)
FN:28,(anonymous_3)
FN:50,(anonymous_4)
FNF:4
FNH:4
FNDA:4,(anonymous_1)
FNDA:2,(anonymous_2)
FNDA:2,(anonymous_3)
FNDA:2,(anonymous_4)
DA:2,4
DA:3,4
DA:7,4
DA:11,2
DA:12,2
DA:13,2
DA:14,2
DA:15,2
DA:16,2
DA:17,1
DA:18,1
DA:20,1
DA:21,1
DA:24,0
DA:29,2
DA:30,2
DA:31,2
DA:32,2
DA:37,2
DA:38,1
DA:39,1
DA:41,1
DA:42,1
DA:45,0
DA:46,0
DA:51,2
DA:52,2
DA:53,2
DA:56,2
DA:57,1
DA:58,1
DA:60,1
DA:61,1
DA:64,0
DA:65,0
DA:71,4
LF:36
LH:31
BRDA:16,0,0,1
BRDA:16,0,1,1
BRDA:37,1,0,1
BRDA:37,1,1,1
BRDA:56,2,0,1
BRDA:56,2,1,1
BRF:6
BRH:6
end_of_record
TN:
SF:src\controllers\PostControllers.ts
FN:7,(anonymous_1)
FN:12,(anonymous_2)
FN:39,(anonymous_3)
FNF:3
FNH:3
FNDA:4,(anonymous_1)
FNDA:3,(anonymous_2)
FNDA:3,(anonymous_3)
DA:1,4
DA:2,4
DA:8,4
DA:13,3
DA:14,3
DA:15,3
DA:16,3
DA:17,3
DA:22,3
DA:23,1
DA:24,1
DA:26,2
DA:27,1
DA:28,1
DA:30,1
DA:31,1
DA:34,0
DA:35,0
DA:40,3
DA:41,3
DA:42,0
DA:43,0
DA:46,3
DA:52,3
DA:53,1
DA:54,1
DA:57,2
DA:58,2
DA:64,4
LF:29
LH:25
BRDA:22,0,0,1
BRDA:22,1,0,3
BRDA:22,1,1,3
BRDA:26,2,0,1
BRDA:26,2,1,1
BRDA:40,3,0,0
BRDA:40,3,1,3
BRDA:40,4,0,3
BRDA:40,4,1,3
BRDA:41,5,0,0
BRDA:52,6,0,1
BRDA:52,7,0,3
BRDA:52,7,1,3
BRDA:52,7,2,2
BRF:14
BRH:12
end_of_record
TN:
SF:src\controllers\baseController.ts
FN:6,(anonymous_0)
FN:10,(anonymous_1)
FN:26,(anonymous_2)
FN:51,(anonymous_3)
FN:70,(anonymous_4)
FNF:5
FNH:4
FNDA:8,(anonymous_0)
FNDA:5,(anonymous_1)
FNDA:6,(anonymous_2)
FNDA:4,(anonymous_3)
FNDA:0,(anonymous_4)
DA:4,4
DA:7,8
DA:11,5
DA:12,5
DA:13,3
DA:14,0
DA:15,0
DA:17,3
DA:18,3
DA:21,2
DA:22,2
DA:27,6
DA:28,6
DA:29,6
DA:30,6
DA:31,6
DA:32,2
DA:33,2
DA:34,1
DA:35,1
DA:37,1
DA:38,1
DA:40,4
DA:41,4
DA:42,4
DA:45,0
DA:46,0
DA:52,4
DA:54,4
DA:55,4
DA:57,3
DA:58,1
DA:59,1
DA:61,2
DA:62,2
DA:65,1
DA:66,1
DA:70,4
DA:71,0
DA:74,4
LF:40
LH:35
BRDA:13,0,0,0
BRDA:13,0,1,3
BRDA:31,1,0,2
BRDA:31,1,1,4
BRDA:33,2,0,1
BRDA:57,3,0,1
BRDA:57,3,1,2
BRF:7
BRH:6
end_of_record
TN:
SF:src\middlewares\uploadMiddleware.ts
FN:5,(anonymous_1)
FN:8,(anonymous_2)
FN:13,(anonymous_3)
FNF:3
FNH:0
FNDA:0,(anonymous_1)
FNDA:0,(anonymous_2)
FNDA:0,(anonymous_3)
DA:1,4
DA:4,4
DA:6,0
DA:9,0
DA:13,4
DA:14,0
DA:15,0
DA:16,0
DA:18,0
DA:22,4
LF:10
LH:4
BRDA:15,0,0,0
BRDA:15,0,1,0
BRF:2
BRH:0
end_of_record
TN:
SF:src\models\AuthModel.ts
FNF:0
FNH:0
DA:1,4
DA:11,4
DA:22,4
LF:3
LH:3
BRF:0
BRH:0
end_of_record
TN:
SF:src\models\CommentModel.ts
FNF:0
FNH:0
DA:1,4
DA:9,4
DA:18,4
DA:19,4
LF:4
LH:4
BRF:0
BRH:0
end_of_record
TN:
SF:src\models\PostModel.ts
FNF:0
FNH:0
DA:1,4
DA:9,4
DA:17,4
DA:19,4
LF:4
LH:4
BRF:0
BRH:0
end_of_record
